Calling target program-options parser
[18:54:39.611] [bmv2] [D] [thread 3970] Set default default entry for table 'MyIngress.ipv4_lpm': NoAction - 
[18:54:39.611] [bmv2] [D] [thread 3970] Set default default entry for table 'tbl_mark_ecn': MyEgress.mark_ecn - 
Adding interface s4-eth1 as port 1
[18:54:39.612] [bmv2] [D] [thread 3970] Adding interface s4-eth1 as port 1
Adding interface s4-eth2 as port 2
[18:54:39.653] [bmv2] [D] [thread 3970] Adding interface s4-eth2 as port 2
Adding interface s4-eth3 as port 3
[18:54:39.782] [bmv2] [D] [thread 3970] Adding interface s4-eth3 as port 3
Adding interface s4-eth4 as port 4
[18:54:39.817] [bmv2] [D] [thread 3970] Adding interface s4-eth4 as port 4
Server listening on 0.0.0.0:50054
[18:54:39.850] [bmv2] [I] [thread 3970] Starting Thrift server on port 9093
[18:54:39.850] [bmv2] [I] [thread 3970] Thrift server was started
[18:54:41.152] [bmv2] [W] [thread 4035] [P4Runtime] p4::tmp::P4DeviceConfig is deprecated
[18:54:41.152] [bmv2] [D] [thread 4035] Set default default entry for table 'MyIngress.ipv4_lpm': NoAction - 
[18:54:41.152] [bmv2] [D] [thread 4035] Set default default entry for table 'tbl_mark_ecn': MyEgress.mark_ecn - 
[18:54:41.153] [bmv2] [D] [thread 4035] simple_switch target has been notified of a config swap
[18:54:41.153] [bmv2] [D] [thread 4036] Entry 0 added to table 'MyIngress.ipv4_lpm'
[18:54:41.153] [bmv2] [D] [thread 4036] Dumping entry 0
Match key:
* hdr.ipv4.dstAddr    : LPM       0a000404/32
Action entry: MyIngress.ipv4_forward - 80000000404,2,

[18:54:41.154] [bmv2] [D] [thread 4035] Entry 1 added to table 'MyIngress.ipv4_lpm'
[18:54:41.154] [bmv2] [D] [thread 4035] Dumping entry 1
Match key:
* hdr.ipv4.dstAddr    : LPM       0a00042c/32
Action entry: MyIngress.ipv4_forward - 80000000444,1,

[18:54:41.154] [bmv2] [D] [thread 4036] Entry 2 added to table 'MyIngress.ipv4_lpm'
[18:54:41.154] [bmv2] [D] [thread 4036] Dumping entry 2
Match key:
* hdr.ipv4.dstAddr    : LPM       0a000300/24
Action entry: MyIngress.ipv4_forward - 80000000300,3,

[18:54:41.155] [bmv2] [D] [thread 4035] Entry 3 added to table 'MyIngress.ipv4_lpm'
[18:54:41.155] [bmv2] [D] [thread 4035] Dumping entry 3
Match key:
* hdr.ipv4.dstAddr    : LPM       0a000100/24
Action entry: MyIngress.ipv4_forward - 80000000100,4,

[18:54:42.782] [bmv2] [D] [thread 3980] [0.0] [cxt 0] Processing packet received on port 2
[18:54:42.782] [bmv2] [D] [thread 3980] [0.0] [cxt 0] Parser 'parser': start
[18:54:42.782] [bmv2] [D] [thread 3980] [0.0] [cxt 0] Parser 'parser' entering state 'start'
[18:54:42.782] [bmv2] [D] [thread 3980] [0.0] [cxt 0] Extracting header 'ethernet'
[18:54:42.782] [bmv2] [D] [thread 3980] [0.0] [cxt 0] Parser state 'start': key is 86dd
[18:54:42.782] [bmv2] [T] [thread 3980] [0.0] [cxt 0] Bytes parsed: 14
[18:54:42.782] [bmv2] [D] [thread 3980] [0.0] [cxt 0] Parser 'parser': end
[18:54:42.782] [bmv2] [D] [thread 3980] [0.0] [cxt 0] Pipeline 'ingress': start
[18:54:42.782] [bmv2] [T] [thread 3980] [0.0] [cxt 0] ecn.p4(116) Condition "hdr.ipv4.isValid()" (node_2) is false
[18:54:42.782] [bmv2] [D] [thread 3980] [0.0] [cxt 0] Pipeline 'ingress': end
[18:54:42.782] [bmv2] [D] [thread 3980] [0.0] [cxt 0] Egress port is 0
[18:54:42.782] [bmv2] [D] [thread 3981] [0.0] [cxt 0] Pipeline 'egress': start
[18:54:42.782] [bmv2] [T] [thread 3981] [0.0] [cxt 0] ecn.p4(133) Condition "hdr.ipv4.ecn == 1 || hdr.ipv4.ecn == 2" (node_6) is false
[18:54:42.782] [bmv2] [D] [thread 3981] [0.0] [cxt 0] Pipeline 'egress': end
[18:54:42.782] [bmv2] [D] [thread 3981] [0.0] [cxt 0] Deparser 'deparser': start
[18:54:42.782] [bmv2] [T] [thread 3981] [0.0] [cxt 0] Skipping checksum 'cksum' update because condition not met
[18:54:42.782] [bmv2] [D] [thread 3981] [0.0] [cxt 0] Deparsing header 'ethernet'
[18:54:42.782] [bmv2] [D] [thread 3981] [0.0] [cxt 0] Deparser 'deparser': end
[18:54:42.782] [bmv2] [D] [thread 3985] [0.0] [cxt 0] Transmitting packet of size 70 out of port 0
[18:54:43.295] [bmv2] [D] [thread 3980] [1.0] [cxt 0] Processing packet received on port 1
[18:54:43.295] [bmv2] [D] [thread 3980] [1.0] [cxt 0] Parser 'parser': start
[18:54:43.295] [bmv2] [D] [thread 3980] [1.0] [cxt 0] Parser 'parser' entering state 'start'
[18:54:43.295] [bmv2] [D] [thread 3980] [1.0] [cxt 0] Extracting header 'ethernet'
[18:54:43.295] [bmv2] [D] [thread 3980] [1.0] [cxt 0] Parser state 'start': key is 86dd
[18:54:43.295] [bmv2] [T] [thread 3980] [1.0] [cxt 0] Bytes parsed: 14
[18:54:43.295] [bmv2] [D] [thread 3980] [1.0] [cxt 0] Parser 'parser': end
[18:54:43.295] [bmv2] [D] [thread 3980] [1.0] [cxt 0] Pipeline 'ingress': start
[18:54:43.295] [bmv2] [T] [thread 3980] [1.0] [cxt 0] ecn.p4(116) Condition "hdr.ipv4.isValid()" (node_2) is false
[18:54:43.295] [bmv2] [D] [thread 3980] [1.0] [cxt 0] Pipeline 'ingress': end
[18:54:43.295] [bmv2] [D] [thread 3980] [1.0] [cxt 0] Egress port is 0
[18:54:43.295] [bmv2] [D] [thread 3980] [2.0] [cxt 0] Processing packet received on port 3
[18:54:43.295] [bmv2] [D] [thread 3980] [2.0] [cxt 0] Parser 'parser': start
[18:54:43.295] [bmv2] [D] [thread 3980] [2.0] [cxt 0] Parser 'parser' entering state 'start'
[18:54:43.295] [bmv2] [D] [thread 3980] [2.0] [cxt 0] Extracting header 'ethernet'
[18:54:43.295] [bmv2] [D] [thread 3980] [2.0] [cxt 0] Parser state 'start': key is 86dd
[18:54:43.295] [bmv2] [T] [thread 3980] [2.0] [cxt 0] Bytes parsed: 14
[18:54:43.295] [bmv2] [D] [thread 3980] [2.0] [cxt 0] Parser 'parser': end
[18:54:43.295] [bmv2] [D] [thread 3980] [2.0] [cxt 0] Pipeline 'ingress': start
[18:54:43.295] [bmv2] [T] [thread 3980] [2.0] [cxt 0] ecn.p4(116) Condition "hdr.ipv4.isValid()" (node_2) is false
[18:54:43.295] [bmv2] [D] [thread 3980] [2.0] [cxt 0] Pipeline 'ingress': end
[18:54:43.295] [bmv2] [D] [thread 3980] [2.0] [cxt 0] Egress port is 0
[18:54:43.295] [bmv2] [D] [thread 3981] [1.0] [cxt 0] Pipeline 'egress': start
[18:54:43.295] [bmv2] [T] [thread 3981] [1.0] [cxt 0] ecn.p4(133) Condition "hdr.ipv4.ecn == 1 || hdr.ipv4.ecn == 2" (node_6) is false
[18:54:43.295] [bmv2] [D] [thread 3981] [1.0] [cxt 0] Pipeline 'egress': end
[18:54:43.295] [bmv2] [D] [thread 3981] [1.0] [cxt 0] Deparser 'deparser': start
[18:54:43.295] [bmv2] [T] [thread 3981] [1.0] [cxt 0] Skipping checksum 'cksum' update because condition not met
[18:54:43.295] [bmv2] [D] [thread 3981] [1.0] [cxt 0] Deparsing header 'ethernet'
[18:54:43.295] [bmv2] [D] [thread 3981] [1.0] [cxt 0] Deparser 'deparser': end
[18:54:43.295] [bmv2] [D] [thread 3981] [2.0] [cxt 0] Pipeline 'egress': start
[18:54:43.295] [bmv2] [T] [thread 3981] [2.0] [cxt 0] ecn.p4(133) Condition "hdr.ipv4.ecn == 1 || hdr.ipv4.ecn == 2" (node_6) is false
[18:54:43.295] [bmv2] [D] [thread 3981] [2.0] [cxt 0] Pipeline 'egress': end
[18:54:43.295] [bmv2] [D] [thread 3981] [2.0] [cxt 0] Deparser 'deparser': start
[18:54:43.295] [bmv2] [T] [thread 3981] [2.0] [cxt 0] Skipping checksum 'cksum' update because condition not met
[18:54:43.295] [bmv2] [D] [thread 3981] [2.0] [cxt 0] Deparsing header 'ethernet'
[18:54:43.295] [bmv2] [D] [thread 3981] [2.0] [cxt 0] Deparser 'deparser': end
[18:54:43.295] [bmv2] [D] [thread 3985] [1.0] [cxt 0] Transmitting packet of size 70 out of port 0
[18:54:43.295] [bmv2] [D] [thread 3985] [2.0] [cxt 0] Transmitting packet of size 70 out of port 0
[18:54:43.553] [bmv2] [D] [thread 3980] [3.0] [cxt 0] Processing packet received on port 4
[18:54:43.553] [bmv2] [D] [thread 3980] [3.0] [cxt 0] Parser 'parser': start
[18:54:43.553] [bmv2] [D] [thread 3980] [3.0] [cxt 0] Parser 'parser' entering state 'start'
[18:54:43.553] [bmv2] [D] [thread 3980] [3.0] [cxt 0] Extracting header 'ethernet'
[18:54:43.553] [bmv2] [D] [thread 3980] [3.0] [cxt 0] Parser state 'start': key is 86dd
[18:54:43.553] [bmv2] [T] [thread 3980] [3.0] [cxt 0] Bytes parsed: 14
[18:54:43.553] [bmv2] [D] [thread 3980] [3.0] [cxt 0] Parser 'parser': end
[18:54:43.553] [bmv2] [D] [thread 3980] [3.0] [cxt 0] Pipeline 'ingress': start
[18:54:43.553] [bmv2] [T] [thread 3980] [3.0] [cxt 0] ecn.p4(116) Condition "hdr.ipv4.isValid()" (node_2) is false
[18:54:43.553] [bmv2] [D] [thread 3980] [3.0] [cxt 0] Pipeline 'ingress': end
[18:54:43.553] [bmv2] [D] [thread 3980] [3.0] [cxt 0] Egress port is 0
[18:54:43.553] [bmv2] [D] [thread 3981] [3.0] [cxt 0] Pipeline 'egress': start
[18:54:43.553] [bmv2] [T] [thread 3981] [3.0] [cxt 0] ecn.p4(133) Condition "hdr.ipv4.ecn == 1 || hdr.ipv4.ecn == 2" (node_6) is false
[18:54:43.553] [bmv2] [D] [thread 3981] [3.0] [cxt 0] Pipeline 'egress': end
[18:54:43.553] [bmv2] [D] [thread 3981] [3.0] [cxt 0] Deparser 'deparser': start
[18:54:43.553] [bmv2] [T] [thread 3981] [3.0] [cxt 0] Skipping checksum 'cksum' update because condition not met
[18:54:43.553] [bmv2] [D] [thread 3981] [3.0] [cxt 0] Deparsing header 'ethernet'
[18:54:43.553] [bmv2] [D] [thread 3981] [3.0] [cxt 0] Deparser 'deparser': end
[18:54:43.553] [bmv2] [D] [thread 3985] [3.0] [cxt 0] Transmitting packet of size 70 out of port 0
[18:54:43.810] [bmv2] [D] [thread 3980] [4.0] [cxt 0] Processing packet received on port 4
[18:54:43.810] [bmv2] [D] [thread 3980] [4.0] [cxt 0] Parser 'parser': start
[18:54:43.810] [bmv2] [D] [thread 3980] [4.0] [cxt 0] Parser 'parser' entering state 'start'
[18:54:43.810] [bmv2] [D] [thread 3980] [4.0] [cxt 0] Extracting header 'ethernet'
[18:54:43.810] [bmv2] [D] [thread 3980] [4.0] [cxt 0] Parser state 'start': key is 86dd
[18:54:43.810] [bmv2] [T] [thread 3980] [4.0] [cxt 0] Bytes parsed: 14
[18:54:43.810] [bmv2] [D] [thread 3980] [4.0] [cxt 0] Parser 'parser': end
[18:54:43.810] [bmv2] [D] [thread 3980] [4.0] [cxt 0] Pipeline 'ingress': start
[18:54:43.810] [bmv2] [T] [thread 3980] [4.0] [cxt 0] ecn.p4(116) Condition "hdr.ipv4.isValid()" (node_2) is false
[18:54:43.810] [bmv2] [D] [thread 3980] [4.0] [cxt 0] Pipeline 'ingress': end
[18:54:43.810] [bmv2] [D] [thread 3980] [4.0] [cxt 0] Egress port is 0
[18:54:43.810] [bmv2] [D] [thread 3981] [4.0] [cxt 0] Pipeline 'egress': start
[18:54:43.810] [bmv2] [T] [thread 3981] [4.0] [cxt 0] ecn.p4(133) Condition "hdr.ipv4.ecn == 1 || hdr.ipv4.ecn == 2" (node_6) is false
[18:54:43.810] [bmv2] [D] [thread 3981] [4.0] [cxt 0] Pipeline 'egress': end
[18:54:43.810] [bmv2] [D] [thread 3981] [4.0] [cxt 0] Deparser 'deparser': start
[18:54:43.810] [bmv2] [T] [thread 3981] [4.0] [cxt 0] Skipping checksum 'cksum' update because condition not met
[18:54:43.810] [bmv2] [D] [thread 3981] [4.0] [cxt 0] Deparsing header 'ethernet'
[18:54:43.810] [bmv2] [D] [thread 3981] [4.0] [cxt 0] Deparser 'deparser': end
[18:54:43.810] [bmv2] [D] [thread 3985] [4.0] [cxt 0] Transmitting packet of size 70 out of port 0
[18:54:44.062] [bmv2] [D] [thread 3980] [5.0] [cxt 0] Processing packet received on port 3
[18:54:44.062] [bmv2] [D] [thread 3980] [5.0] [cxt 0] Parser 'parser': start
[18:54:44.062] [bmv2] [D] [thread 3980] [5.0] [cxt 0] Parser 'parser' entering state 'start'
[18:54:44.062] [bmv2] [D] [thread 3980] [5.0] [cxt 0] Extracting header 'ethernet'
[18:54:44.062] [bmv2] [D] [thread 3980] [5.0] [cxt 0] Parser state 'start': key is 86dd
[18:54:44.062] [bmv2] [T] [thread 3980] [5.0] [cxt 0] Bytes parsed: 14
[18:54:44.062] [bmv2] [D] [thread 3980] [5.0] [cxt 0] Parser 'parser': end
[18:54:44.062] [bmv2] [D] [thread 3980] [5.0] [cxt 0] Pipeline 'ingress': start
[18:54:44.062] [bmv2] [T] [thread 3980] [5.0] [cxt 0] ecn.p4(116) Condition "hdr.ipv4.isValid()" (node_2) is false
[18:54:44.062] [bmv2] [D] [thread 3980] [5.0] [cxt 0] Pipeline 'ingress': end
[18:54:44.062] [bmv2] [D] [thread 3980] [5.0] [cxt 0] Egress port is 0
[18:54:44.062] [bmv2] [D] [thread 3981] [5.0] [cxt 0] Pipeline 'egress': start
[18:54:44.062] [bmv2] [T] [thread 3981] [5.0] [cxt 0] ecn.p4(133) Condition "hdr.ipv4.ecn == 1 || hdr.ipv4.ecn == 2" (node_6) is false
[18:54:44.062] [bmv2] [D] [thread 3981] [5.0] [cxt 0] Pipeline 'egress': end
[18:54:44.062] [bmv2] [D] [thread 3981] [5.0] [cxt 0] Deparser 'deparser': start
[18:54:44.062] [bmv2] [T] [thread 3981] [5.0] [cxt 0] Skipping checksum 'cksum' update because condition not met
[18:54:44.062] [bmv2] [D] [thread 3981] [5.0] [cxt 0] Deparsing header 'ethernet'
[18:54:44.062] [bmv2] [D] [thread 3981] [5.0] [cxt 0] Deparser 'deparser': end
[18:54:44.062] [bmv2] [D] [thread 3985] [5.0] [cxt 0] Transmitting packet of size 70 out of port 0
[18:54:50.727] [bmv2] [D] [thread 3980] [6.0] [cxt 0] Processing packet received on port 3
[18:54:50.727] [bmv2] [D] [thread 3980] [6.0] [cxt 0] Parser 'parser': start
[18:54:50.727] [bmv2] [D] [thread 3980] [6.0] [cxt 0] Parser 'parser' entering state 'start'
[18:54:50.727] [bmv2] [D] [thread 3980] [6.0] [cxt 0] Extracting header 'ethernet'
[18:54:50.727] [bmv2] [D] [thread 3980] [6.0] [cxt 0] Parser state 'start': key is 86dd
[18:54:50.727] [bmv2] [T] [thread 3980] [6.0] [cxt 0] Bytes parsed: 14
[18:54:50.727] [bmv2] [D] [thread 3980] [6.0] [cxt 0] Parser 'parser': end
[18:54:50.727] [bmv2] [D] [thread 3980] [6.0] [cxt 0] Pipeline 'ingress': start
[18:54:50.727] [bmv2] [T] [thread 3980] [6.0] [cxt 0] ecn.p4(116) Condition "hdr.ipv4.isValid()" (node_2) is false
[18:54:50.727] [bmv2] [D] [thread 3980] [6.0] [cxt 0] Pipeline 'ingress': end
[18:54:50.727] [bmv2] [D] [thread 3980] [6.0] [cxt 0] Egress port is 0
[18:54:50.728] [bmv2] [D] [thread 3981] [6.0] [cxt 0] Pipeline 'egress': start
[18:54:50.728] [bmv2] [T] [thread 3981] [6.0] [cxt 0] ecn.p4(133) Condition "hdr.ipv4.ecn == 1 || hdr.ipv4.ecn == 2" (node_6) is false
[18:54:50.728] [bmv2] [D] [thread 3981] [6.0] [cxt 0] Pipeline 'egress': end
[18:54:50.728] [bmv2] [D] [thread 3981] [6.0] [cxt 0] Deparser 'deparser': start
[18:54:50.728] [bmv2] [T] [thread 3981] [6.0] [cxt 0] Skipping checksum 'cksum' update because condition not met
[18:54:50.728] [bmv2] [D] [thread 3981] [6.0] [cxt 0] Deparsing header 'ethernet'
[18:54:50.728] [bmv2] [D] [thread 3981] [6.0] [cxt 0] Deparser 'deparser': end
[18:54:50.728] [bmv2] [D] [thread 3985] [6.0] [cxt 0] Transmitting packet of size 70 out of port 0
[18:54:51.230] [bmv2] [D] [thread 3980] [7.0] [cxt 0] Processing packet received on port 2
[18:54:51.230] [bmv2] [D] [thread 3980] [7.0] [cxt 0] Parser 'parser': start
[18:54:51.230] [bmv2] [D] [thread 3980] [7.0] [cxt 0] Parser 'parser' entering state 'start'
[18:54:51.230] [bmv2] [D] [thread 3980] [7.0] [cxt 0] Extracting header 'ethernet'
[18:54:51.230] [bmv2] [D] [thread 3980] [7.0] [cxt 0] Parser state 'start': key is 86dd
[18:54:51.230] [bmv2] [T] [thread 3980] [7.0] [cxt 0] Bytes parsed: 14
[18:54:51.230] [bmv2] [D] [thread 3980] [7.0] [cxt 0] Parser 'parser': end
[18:54:51.230] [bmv2] [D] [thread 3980] [7.0] [cxt 0] Pipeline 'ingress': start
[18:54:51.230] [bmv2] [T] [thread 3980] [7.0] [cxt 0] ecn.p4(116) Condition "hdr.ipv4.isValid()" (node_2) is false
[18:54:51.230] [bmv2] [D] [thread 3980] [7.0] [cxt 0] Pipeline 'ingress': end
[18:54:51.230] [bmv2] [D] [thread 3980] [7.0] [cxt 0] Egress port is 0
[18:54:51.230] [bmv2] [D] [thread 3981] [7.0] [cxt 0] Pipeline 'egress': start
[18:54:51.230] [bmv2] [T] [thread 3981] [7.0] [cxt 0] ecn.p4(133) Condition "hdr.ipv4.ecn == 1 || hdr.ipv4.ecn == 2" (node_6) is false
[18:54:51.230] [bmv2] [D] [thread 3981] [7.0] [cxt 0] Pipeline 'egress': end
[18:54:51.230] [bmv2] [D] [thread 3981] [7.0] [cxt 0] Deparser 'deparser': start
[18:54:51.230] [bmv2] [T] [thread 3981] [7.0] [cxt 0] Skipping checksum 'cksum' update because condition not met
[18:54:51.230] [bmv2] [D] [thread 3981] [7.0] [cxt 0] Deparsing header 'ethernet'
[18:54:51.230] [bmv2] [D] [thread 3981] [7.0] [cxt 0] Deparser 'deparser': end
[18:54:51.230] [bmv2] [D] [thread 3985] [7.0] [cxt 0] Transmitting packet of size 70 out of port 0
[18:54:51.741] [bmv2] [D] [thread 3980] [8.0] [cxt 0] Processing packet received on port 1
[18:54:51.741] [bmv2] [D] [thread 3980] [8.0] [cxt 0] Parser 'parser': start
[18:54:51.741] [bmv2] [D] [thread 3980] [8.0] [cxt 0] Parser 'parser' entering state 'start'
[18:54:51.741] [bmv2] [D] [thread 3980] [8.0] [cxt 0] Extracting header 'ethernet'
[18:54:51.741] [bmv2] [D] [thread 3980] [8.0] [cxt 0] Parser state 'start': key is 86dd
[18:54:51.741] [bmv2] [T] [thread 3980] [8.0] [cxt 0] Bytes parsed: 14
[18:54:51.741] [bmv2] [D] [thread 3980] [8.0] [cxt 0] Parser 'parser': end
[18:54:51.741] [bmv2] [D] [thread 3980] [8.0] [cxt 0] Pipeline 'ingress': start
[18:54:51.741] [bmv2] [T] [thread 3980] [8.0] [cxt 0] ecn.p4(116) Condition "hdr.ipv4.isValid()" (node_2) is false
[18:54:51.741] [bmv2] [D] [thread 3980] [8.0] [cxt 0] Pipeline 'ingress': end
[18:54:51.741] [bmv2] [D] [thread 3980] [8.0] [cxt 0] Egress port is 0
[18:54:51.741] [bmv2] [D] [thread 3981] [8.0] [cxt 0] Pipeline 'egress': start
[18:54:51.741] [bmv2] [T] [thread 3981] [8.0] [cxt 0] ecn.p4(133) Condition "hdr.ipv4.ecn == 1 || hdr.ipv4.ecn == 2" (node_6) is false
[18:54:51.741] [bmv2] [D] [thread 3981] [8.0] [cxt 0] Pipeline 'egress': end
[18:54:51.741] [bmv2] [D] [thread 3981] [8.0] [cxt 0] Deparser 'deparser': start
[18:54:51.741] [bmv2] [T] [thread 3981] [8.0] [cxt 0] Skipping checksum 'cksum' update because condition not met
[18:54:51.741] [bmv2] [D] [thread 3981] [8.0] [cxt 0] Deparsing header 'ethernet'
[18:54:51.741] [bmv2] [D] [thread 3981] [8.0] [cxt 0] Deparser 'deparser': end
[18:54:51.742] [bmv2] [D] [thread 3985] [8.0] [cxt 0] Transmitting packet of size 70 out of port 0
[18:54:52.510] [bmv2] [D] [thread 3980] [9.0] [cxt 0] Processing packet received on port 3
[18:54:52.510] [bmv2] [D] [thread 3980] [9.0] [cxt 0] Parser 'parser': start
[18:54:52.510] [bmv2] [D] [thread 3980] [9.0] [cxt 0] Parser 'parser' entering state 'start'
[18:54:52.510] [bmv2] [D] [thread 3980] [9.0] [cxt 0] Extracting header 'ethernet'
[18:54:52.510] [bmv2] [D] [thread 3980] [9.0] [cxt 0] Parser state 'start': key is 86dd
[18:54:52.510] [bmv2] [T] [thread 3980] [9.0] [cxt 0] Bytes parsed: 14
[18:54:52.510] [bmv2] [D] [thread 3980] [9.0] [cxt 0] Parser 'parser': end
[18:54:52.510] [bmv2] [D] [thread 3980] [9.0] [cxt 0] Pipeline 'ingress': start
[18:54:52.510] [bmv2] [T] [thread 3980] [9.0] [cxt 0] ecn.p4(116) Condition "hdr.ipv4.isValid()" (node_2) is false
[18:54:52.510] [bmv2] [D] [thread 3980] [9.0] [cxt 0] Pipeline 'ingress': end
[18:54:52.510] [bmv2] [D] [thread 3980] [9.0] [cxt 0] Egress port is 0
[18:54:52.510] [bmv2] [D] [thread 3980] [10.0] [cxt 0] Processing packet received on port 4
[18:54:52.510] [bmv2] [D] [thread 3980] [10.0] [cxt 0] Parser 'parser': start
[18:54:52.510] [bmv2] [D] [thread 3980] [10.0] [cxt 0] Parser 'parser' entering state 'start'
[18:54:52.510] [bmv2] [D] [thread 3980] [10.0] [cxt 0] Extracting header 'ethernet'
[18:54:52.510] [bmv2] [D] [thread 3980] [10.0] [cxt 0] Parser state 'start': key is 86dd
[18:54:52.510] [bmv2] [T] [thread 3980] [10.0] [cxt 0] Bytes parsed: 14
[18:54:52.510] [bmv2] [D] [thread 3980] [10.0] [cxt 0] Parser 'parser': end
[18:54:52.510] [bmv2] [D] [thread 3980] [10.0] [cxt 0] Pipeline 'ingress': start
[18:54:52.510] [bmv2] [T] [thread 3980] [10.0] [cxt 0] ecn.p4(116) Condition "hdr.ipv4.isValid()" (node_2) is false
[18:54:52.510] [bmv2] [D] [thread 3980] [10.0] [cxt 0] Pipeline 'ingress': end
[18:54:52.510] [bmv2] [D] [thread 3980] [10.0] [cxt 0] Egress port is 0
[18:54:52.510] [bmv2] [D] [thread 3981] [9.0] [cxt 0] Pipeline 'egress': start
[18:54:52.510] [bmv2] [T] [thread 3981] [9.0] [cxt 0] ecn.p4(133) Condition "hdr.ipv4.ecn == 1 || hdr.ipv4.ecn == 2" (node_6) is false
[18:54:52.510] [bmv2] [D] [thread 3981] [9.0] [cxt 0] Pipeline 'egress': end
[18:54:52.510] [bmv2] [D] [thread 3981] [9.0] [cxt 0] Deparser 'deparser': start
[18:54:52.510] [bmv2] [T] [thread 3981] [9.0] [cxt 0] Skipping checksum 'cksum' update because condition not met
[18:54:52.510] [bmv2] [D] [thread 3981] [9.0] [cxt 0] Deparsing header 'ethernet'
[18:54:52.510] [bmv2] [D] [thread 3981] [9.0] [cxt 0] Deparser 'deparser': end
[18:54:52.510] [bmv2] [D] [thread 3981] [10.0] [cxt 0] Pipeline 'egress': start
[18:54:52.510] [bmv2] [T] [thread 3981] [10.0] [cxt 0] ecn.p4(133) Condition "hdr.ipv4.ecn == 1 || hdr.ipv4.ecn == 2" (node_6) is false
[18:54:52.510] [bmv2] [D] [thread 3981] [10.0] [cxt 0] Pipeline 'egress': end
[18:54:52.510] [bmv2] [D] [thread 3981] [10.0] [cxt 0] Deparser 'deparser': start
[18:54:52.510] [bmv2] [T] [thread 3981] [10.0] [cxt 0] Skipping checksum 'cksum' update because condition not met
[18:54:52.510] [bmv2] [D] [thread 3981] [10.0] [cxt 0] Deparsing header 'ethernet'
[18:54:52.510] [bmv2] [D] [thread 3981] [10.0] [cxt 0] Deparser 'deparser': end
[18:54:52.510] [bmv2] [D] [thread 3985] [9.0] [cxt 0] Transmitting packet of size 70 out of port 0
[18:54:52.510] [bmv2] [D] [thread 3985] [10.0] [cxt 0] Transmitting packet of size 70 out of port 0
[18:54:52.766] [bmv2] [D] [thread 3980] [11.0] [cxt 0] Processing packet received on port 4
[18:54:52.766] [bmv2] [D] [thread 3980] [11.0] [cxt 0] Parser 'parser': start
[18:54:52.766] [bmv2] [D] [thread 3980] [11.0] [cxt 0] Parser 'parser' entering state 'start'
[18:54:52.766] [bmv2] [D] [thread 3980] [11.0] [cxt 0] Extracting header 'ethernet'
[18:54:52.766] [bmv2] [D] [thread 3980] [11.0] [cxt 0] Parser state 'start': key is 86dd
[18:54:52.766] [bmv2] [T] [thread 3980] [11.0] [cxt 0] Bytes parsed: 14
[18:54:52.766] [bmv2] [D] [thread 3980] [11.0] [cxt 0] Parser 'parser': end
[18:54:52.766] [bmv2] [D] [thread 3980] [11.0] [cxt 0] Pipeline 'ingress': start
[18:54:52.766] [bmv2] [T] [thread 3980] [11.0] [cxt 0] ecn.p4(116) Condition "hdr.ipv4.isValid()" (node_2) is false
[18:54:52.766] [bmv2] [D] [thread 3980] [11.0] [cxt 0] Pipeline 'ingress': end
[18:54:52.766] [bmv2] [D] [thread 3980] [11.0] [cxt 0] Egress port is 0
[18:54:52.766] [bmv2] [D] [thread 3981] [11.0] [cxt 0] Pipeline 'egress': start
[18:54:52.766] [bmv2] [T] [thread 3981] [11.0] [cxt 0] ecn.p4(133) Condition "hdr.ipv4.ecn == 1 || hdr.ipv4.ecn == 2" (node_6) is false
[18:54:52.766] [bmv2] [D] [thread 3981] [11.0] [cxt 0] Pipeline 'egress': end
[18:54:52.766] [bmv2] [D] [thread 3981] [11.0] [cxt 0] Deparser 'deparser': start
[18:54:52.766] [bmv2] [T] [thread 3981] [11.0] [cxt 0] Skipping checksum 'cksum' update because condition not met
[18:54:52.766] [bmv2] [D] [thread 3981] [11.0] [cxt 0] Deparsing header 'ethernet'
[18:54:52.766] [bmv2] [D] [thread 3981] [11.0] [cxt 0] Deparser 'deparser': end
[18:54:52.766] [bmv2] [D] [thread 3985] [11.0] [cxt 0] Transmitting packet of size 70 out of port 0
[18:55:06.078] [bmv2] [D] [thread 3980] [12.0] [cxt 0] Processing packet received on port 3
[18:55:06.078] [bmv2] [D] [thread 3980] [12.0] [cxt 0] Parser 'parser': start
[18:55:06.078] [bmv2] [D] [thread 3980] [12.0] [cxt 0] Parser 'parser' entering state 'start'
[18:55:06.078] [bmv2] [D] [thread 3980] [12.0] [cxt 0] Extracting header 'ethernet'
[18:55:06.078] [bmv2] [D] [thread 3980] [12.0] [cxt 0] Parser state 'start': key is 86dd
[18:55:06.078] [bmv2] [T] [thread 3980] [12.0] [cxt 0] Bytes parsed: 14
[18:55:06.078] [bmv2] [D] [thread 3980] [12.0] [cxt 0] Parser 'parser': end
[18:55:06.078] [bmv2] [D] [thread 3980] [12.0] [cxt 0] Pipeline 'ingress': start
[18:55:06.078] [bmv2] [T] [thread 3980] [12.0] [cxt 0] ecn.p4(116) Condition "hdr.ipv4.isValid()" (node_2) is false
[18:55:06.078] [bmv2] [D] [thread 3980] [12.0] [cxt 0] Pipeline 'ingress': end
[18:55:06.078] [bmv2] [D] [thread 3980] [12.0] [cxt 0] Egress port is 0
[18:55:06.078] [bmv2] [D] [thread 3981] [12.0] [cxt 0] Pipeline 'egress': start
[18:55:06.078] [bmv2] [T] [thread 3981] [12.0] [cxt 0] ecn.p4(133) Condition "hdr.ipv4.ecn == 1 || hdr.ipv4.ecn == 2" (node_6) is false
[18:55:06.078] [bmv2] [D] [thread 3981] [12.0] [cxt 0] Pipeline 'egress': end
[18:55:06.078] [bmv2] [D] [thread 3981] [12.0] [cxt 0] Deparser 'deparser': start
[18:55:06.078] [bmv2] [T] [thread 3981] [12.0] [cxt 0] Skipping checksum 'cksum' update because condition not met
[18:55:06.078] [bmv2] [D] [thread 3981] [12.0] [cxt 0] Deparsing header 'ethernet'
[18:55:06.078] [bmv2] [D] [thread 3981] [12.0] [cxt 0] Deparser 'deparser': end
[18:55:06.078] [bmv2] [D] [thread 3985] [12.0] [cxt 0] Transmitting packet of size 70 out of port 0
[18:55:09.405] [bmv2] [D] [thread 3980] [13.0] [cxt 0] Processing packet received on port 1
[18:55:09.405] [bmv2] [D] [thread 3980] [13.0] [cxt 0] Parser 'parser': start
[18:55:09.405] [bmv2] [D] [thread 3980] [13.0] [cxt 0] Parser 'parser' entering state 'start'
[18:55:09.405] [bmv2] [D] [thread 3980] [13.0] [cxt 0] Extracting header 'ethernet'
[18:55:09.406] [bmv2] [D] [thread 3980] [13.0] [cxt 0] Parser state 'start': key is 86dd
[18:55:09.406] [bmv2] [T] [thread 3980] [13.0] [cxt 0] Bytes parsed: 14
[18:55:09.406] [bmv2] [D] [thread 3980] [13.0] [cxt 0] Parser 'parser': end
[18:55:09.406] [bmv2] [D] [thread 3980] [13.0] [cxt 0] Pipeline 'ingress': start
[18:55:09.406] [bmv2] [T] [thread 3980] [13.0] [cxt 0] ecn.p4(116) Condition "hdr.ipv4.isValid()" (node_2) is false
[18:55:09.406] [bmv2] [D] [thread 3980] [13.0] [cxt 0] Pipeline 'ingress': end
[18:55:09.406] [bmv2] [D] [thread 3980] [13.0] [cxt 0] Egress port is 0
[18:55:09.406] [bmv2] [D] [thread 3980] [14.0] [cxt 0] Processing packet received on port 2
[18:55:09.406] [bmv2] [D] [thread 3980] [14.0] [cxt 0] Parser 'parser': start
[18:55:09.406] [bmv2] [D] [thread 3980] [14.0] [cxt 0] Parser 'parser' entering state 'start'
[18:55:09.406] [bmv2] [D] [thread 3980] [14.0] [cxt 0] Extracting header 'ethernet'
[18:55:09.406] [bmv2] [D] [thread 3980] [14.0] [cxt 0] Parser state 'start': key is 86dd
[18:55:09.406] [bmv2] [T] [thread 3980] [14.0] [cxt 0] Bytes parsed: 14
[18:55:09.406] [bmv2] [D] [thread 3980] [14.0] [cxt 0] Parser 'parser': end
[18:55:09.406] [bmv2] [D] [thread 3980] [14.0] [cxt 0] Pipeline 'ingress': start
[18:55:09.406] [bmv2] [T] [thread 3980] [14.0] [cxt 0] ecn.p4(116) Condition "hdr.ipv4.isValid()" (node_2) is false
[18:55:09.406] [bmv2] [D] [thread 3980] [14.0] [cxt 0] Pipeline 'ingress': end
[18:55:09.406] [bmv2] [D] [thread 3980] [14.0] [cxt 0] Egress port is 0
[18:55:09.406] [bmv2] [D] [thread 3980] [15.0] [cxt 0] Processing packet received on port 3
[18:55:09.406] [bmv2] [D] [thread 3980] [15.0] [cxt 0] Parser 'parser': start
[18:55:09.406] [bmv2] [D] [thread 3980] [15.0] [cxt 0] Parser 'parser' entering state 'start'
[18:55:09.406] [bmv2] [D] [thread 3980] [15.0] [cxt 0] Extracting header 'ethernet'
[18:55:09.406] [bmv2] [D] [thread 3980] [15.0] [cxt 0] Parser state 'start': key is 86dd
[18:55:09.406] [bmv2] [T] [thread 3980] [15.0] [cxt 0] Bytes parsed: 14
[18:55:09.406] [bmv2] [D] [thread 3980] [15.0] [cxt 0] Parser 'parser': end
[18:55:09.406] [bmv2] [D] [thread 3980] [15.0] [cxt 0] Pipeline 'ingress': start
[18:55:09.406] [bmv2] [T] [thread 3980] [15.0] [cxt 0] ecn.p4(116) Condition "hdr.ipv4.isValid()" (node_2) is false
[18:55:09.406] [bmv2] [D] [thread 3980] [15.0] [cxt 0] Pipeline 'ingress': end
[18:55:09.406] [bmv2] [D] [thread 3980] [15.0] [cxt 0] Egress port is 0
[18:55:09.406] [bmv2] [D] [thread 3981] [13.0] [cxt 0] Pipeline 'egress': start
[18:55:09.406] [bmv2] [T] [thread 3981] [13.0] [cxt 0] ecn.p4(133) Condition "hdr.ipv4.ecn == 1 || hdr.ipv4.ecn == 2" (node_6) is false
[18:55:09.406] [bmv2] [D] [thread 3981] [13.0] [cxt 0] Pipeline 'egress': end
[18:55:09.406] [bmv2] [D] [thread 3981] [13.0] [cxt 0] Deparser 'deparser': start
[18:55:09.406] [bmv2] [T] [thread 3981] [13.0] [cxt 0] Skipping checksum 'cksum' update because condition not met
[18:55:09.406] [bmv2] [D] [thread 3981] [13.0] [cxt 0] Deparsing header 'ethernet'
[18:55:09.406] [bmv2] [D] [thread 3981] [13.0] [cxt 0] Deparser 'deparser': end
[18:55:09.406] [bmv2] [D] [thread 3981] [14.0] [cxt 0] Pipeline 'egress': start
[18:55:09.406] [bmv2] [T] [thread 3981] [14.0] [cxt 0] ecn.p4(133) Condition "hdr.ipv4.ecn == 1 || hdr.ipv4.ecn == 2" (node_6) is false
[18:55:09.406] [bmv2] [D] [thread 3981] [14.0] [cxt 0] Pipeline 'egress': end
[18:55:09.406] [bmv2] [D] [thread 3981] [14.0] [cxt 0] Deparser 'deparser': start
[18:55:09.406] [bmv2] [T] [thread 3981] [14.0] [cxt 0] Skipping checksum 'cksum' update because condition not met
[18:55:09.406] [bmv2] [D] [thread 3981] [14.0] [cxt 0] Deparsing header 'ethernet'
[18:55:09.406] [bmv2] [D] [thread 3981] [14.0] [cxt 0] Deparser 'deparser': end
[18:55:09.406] [bmv2] [D] [thread 3981] [15.0] [cxt 0] Pipeline 'egress': start
[18:55:09.406] [bmv2] [T] [thread 3981] [15.0] [cxt 0] ecn.p4(133) Condition "hdr.ipv4.ecn == 1 || hdr.ipv4.ecn == 2" (node_6) is false
[18:55:09.406] [bmv2] [D] [thread 3981] [15.0] [cxt 0] Pipeline 'egress': end
[18:55:09.406] [bmv2] [D] [thread 3981] [15.0] [cxt 0] Deparser 'deparser': start
[18:55:09.406] [bmv2] [T] [thread 3981] [15.0] [cxt 0] Skipping checksum 'cksum' update because condition not met
[18:55:09.406] [bmv2] [D] [thread 3981] [15.0] [cxt 0] Deparsing header 'ethernet'
[18:55:09.406] [bmv2] [D] [thread 3981] [15.0] [cxt 0] Deparser 'deparser': end
[18:55:09.406] [bmv2] [D] [thread 3985] [13.0] [cxt 0] Transmitting packet of size 70 out of port 0
[18:55:09.406] [bmv2] [D] [thread 3985] [14.0] [cxt 0] Transmitting packet of size 70 out of port 0
[18:55:09.406] [bmv2] [D] [thread 3985] [15.0] [cxt 0] Transmitting packet of size 70 out of port 0
[18:55:11.463] [bmv2] [D] [thread 3980] [16.0] [cxt 0] Processing packet received on port 4
[18:55:11.463] [bmv2] [D] [thread 3980] [16.0] [cxt 0] Parser 'parser': start
[18:55:11.463] [bmv2] [D] [thread 3980] [16.0] [cxt 0] Parser 'parser' entering state 'start'
[18:55:11.463] [bmv2] [D] [thread 3980] [16.0] [cxt 0] Extracting header 'ethernet'
[18:55:11.463] [bmv2] [D] [thread 3980] [16.0] [cxt 0] Parser state 'start': key is 86dd
[18:55:11.463] [bmv2] [T] [thread 3980] [16.0] [cxt 0] Bytes parsed: 14
[18:55:11.463] [bmv2] [D] [thread 3980] [16.0] [cxt 0] Parser 'parser': end
[18:55:11.463] [bmv2] [D] [thread 3980] [16.0] [cxt 0] Pipeline 'ingress': start
[18:55:11.463] [bmv2] [T] [thread 3980] [16.0] [cxt 0] ecn.p4(116) Condition "hdr.ipv4.isValid()" (node_2) is false
[18:55:11.463] [bmv2] [D] [thread 3980] [16.0] [cxt 0] Pipeline 'ingress': end
[18:55:11.463] [bmv2] [D] [thread 3980] [16.0] [cxt 0] Egress port is 0
[18:55:11.463] [bmv2] [D] [thread 3980] [17.0] [cxt 0] Processing packet received on port 4
[18:55:11.463] [bmv2] [D] [thread 3980] [17.0] [cxt 0] Parser 'parser': start
[18:55:11.463] [bmv2] [D] [thread 3980] [17.0] [cxt 0] Parser 'parser' entering state 'start'
[18:55:11.463] [bmv2] [D] [thread 3980] [17.0] [cxt 0] Extracting header 'ethernet'
[18:55:11.463] [bmv2] [D] [thread 3980] [17.0] [cxt 0] Parser state 'start': key is 86dd
[18:55:11.463] [bmv2] [T] [thread 3980] [17.0] [cxt 0] Bytes parsed: 14
[18:55:11.463] [bmv2] [D] [thread 3980] [17.0] [cxt 0] Parser 'parser': end
[18:55:11.463] [bmv2] [D] [thread 3980] [17.0] [cxt 0] Pipeline 'ingress': start
[18:55:11.463] [bmv2] [T] [thread 3980] [17.0] [cxt 0] ecn.p4(116) Condition "hdr.ipv4.isValid()" (node_2) is false
[18:55:11.463] [bmv2] [D] [thread 3980] [17.0] [cxt 0] Pipeline 'ingress': end
[18:55:11.463] [bmv2] [D] [thread 3980] [17.0] [cxt 0] Egress port is 0
[18:55:11.463] [bmv2] [D] [thread 3981] [16.0] [cxt 0] Pipeline 'egress': start
[18:55:11.463] [bmv2] [T] [thread 3981] [16.0] [cxt 0] ecn.p4(133) Condition "hdr.ipv4.ecn == 1 || hdr.ipv4.ecn == 2" (node_6) is false
[18:55:11.463] [bmv2] [D] [thread 3981] [16.0] [cxt 0] Pipeline 'egress': end
[18:55:11.463] [bmv2] [D] [thread 3981] [16.0] [cxt 0] Deparser 'deparser': start
[18:55:11.463] [bmv2] [T] [thread 3981] [16.0] [cxt 0] Skipping checksum 'cksum' update because condition not met
[18:55:11.463] [bmv2] [D] [thread 3981] [16.0] [cxt 0] Deparsing header 'ethernet'
[18:55:11.463] [bmv2] [D] [thread 3981] [16.0] [cxt 0] Deparser 'deparser': end
[18:55:11.463] [bmv2] [D] [thread 3981] [17.0] [cxt 0] Pipeline 'egress': start
[18:55:11.463] [bmv2] [T] [thread 3981] [17.0] [cxt 0] ecn.p4(133) Condition "hdr.ipv4.ecn == 1 || hdr.ipv4.ecn == 2" (node_6) is false
[18:55:11.463] [bmv2] [D] [thread 3981] [17.0] [cxt 0] Pipeline 'egress': end
[18:55:11.463] [bmv2] [D] [thread 3981] [17.0] [cxt 0] Deparser 'deparser': start
[18:55:11.463] [bmv2] [T] [thread 3981] [17.0] [cxt 0] Skipping checksum 'cksum' update because condition not met
[18:55:11.463] [bmv2] [D] [thread 3981] [17.0] [cxt 0] Deparsing header 'ethernet'
[18:55:11.463] [bmv2] [D] [thread 3981] [17.0] [cxt 0] Deparser 'deparser': end
[18:55:11.463] [bmv2] [D] [thread 3985] [16.0] [cxt 0] Transmitting packet of size 70 out of port 0
[18:55:11.463] [bmv2] [D] [thread 3985] [17.0] [cxt 0] Transmitting packet of size 70 out of port 0
[18:55:38.079] [bmv2] [D] [thread 3980] [18.0] [cxt 0] Processing packet received on port 3
[18:55:38.079] [bmv2] [D] [thread 3980] [18.0] [cxt 0] Parser 'parser': start
[18:55:38.079] [bmv2] [D] [thread 3980] [18.0] [cxt 0] Parser 'parser' entering state 'start'
[18:55:38.079] [bmv2] [D] [thread 3980] [18.0] [cxt 0] Extracting header 'ethernet'
[18:55:38.079] [bmv2] [D] [thread 3980] [18.0] [cxt 0] Parser state 'start': key is 86dd
[18:55:38.079] [bmv2] [T] [thread 3980] [18.0] [cxt 0] Bytes parsed: 14
[18:55:38.079] [bmv2] [D] [thread 3980] [18.0] [cxt 0] Parser 'parser': end
[18:55:38.079] [bmv2] [D] [thread 3980] [18.0] [cxt 0] Pipeline 'ingress': start
[18:55:38.079] [bmv2] [T] [thread 3980] [18.0] [cxt 0] ecn.p4(116) Condition "hdr.ipv4.isValid()" (node_2) is false
[18:55:38.079] [bmv2] [D] [thread 3980] [18.0] [cxt 0] Pipeline 'ingress': end
[18:55:38.079] [bmv2] [D] [thread 3980] [18.0] [cxt 0] Egress port is 0
[18:55:38.079] [bmv2] [D] [thread 3981] [18.0] [cxt 0] Pipeline 'egress': start
[18:55:38.079] [bmv2] [T] [thread 3981] [18.0] [cxt 0] ecn.p4(133) Condition "hdr.ipv4.ecn == 1 || hdr.ipv4.ecn == 2" (node_6) is false
[18:55:38.080] [bmv2] [D] [thread 3981] [18.0] [cxt 0] Pipeline 'egress': end
[18:55:38.080] [bmv2] [D] [thread 3981] [18.0] [cxt 0] Deparser 'deparser': start
[18:55:38.080] [bmv2] [T] [thread 3981] [18.0] [cxt 0] Skipping checksum 'cksum' update because condition not met
[18:55:38.080] [bmv2] [D] [thread 3981] [18.0] [cxt 0] Deparsing header 'ethernet'
[18:55:38.080] [bmv2] [D] [thread 3981] [18.0] [cxt 0] Deparser 'deparser': end
[18:55:38.080] [bmv2] [D] [thread 3985] [18.0] [cxt 0] Transmitting packet of size 70 out of port 0
[18:55:42.173] [bmv2] [D] [thread 3980] [19.0] [cxt 0] Processing packet received on port 3
[18:55:42.173] [bmv2] [D] [thread 3980] [19.0] [cxt 0] Parser 'parser': start
[18:55:42.173] [bmv2] [D] [thread 3980] [19.0] [cxt 0] Parser 'parser' entering state 'start'
[18:55:42.173] [bmv2] [D] [thread 3980] [19.0] [cxt 0] Extracting header 'ethernet'
[18:55:42.173] [bmv2] [D] [thread 3980] [19.0] [cxt 0] Parser state 'start': key is 86dd
[18:55:42.173] [bmv2] [T] [thread 3980] [19.0] [cxt 0] Bytes parsed: 14
[18:55:42.173] [bmv2] [D] [thread 3980] [19.0] [cxt 0] Parser 'parser': end
[18:55:42.173] [bmv2] [D] [thread 3980] [19.0] [cxt 0] Pipeline 'ingress': start
[18:55:42.173] [bmv2] [T] [thread 3980] [19.0] [cxt 0] ecn.p4(116) Condition "hdr.ipv4.isValid()" (node_2) is false
[18:55:42.173] [bmv2] [D] [thread 3980] [19.0] [cxt 0] Pipeline 'ingress': end
[18:55:42.173] [bmv2] [D] [thread 3980] [19.0] [cxt 0] Egress port is 0
[18:55:42.173] [bmv2] [D] [thread 3981] [19.0] [cxt 0] Pipeline 'egress': start
[18:55:42.173] [bmv2] [T] [thread 3981] [19.0] [cxt 0] ecn.p4(133) Condition "hdr.ipv4.ecn == 1 || hdr.ipv4.ecn == 2" (node_6) is false
[18:55:42.173] [bmv2] [D] [thread 3981] [19.0] [cxt 0] Pipeline 'egress': end
[18:55:42.173] [bmv2] [D] [thread 3981] [19.0] [cxt 0] Deparser 'deparser': start
[18:55:42.173] [bmv2] [T] [thread 3981] [19.0] [cxt 0] Skipping checksum 'cksum' update because condition not met
[18:55:42.173] [bmv2] [D] [thread 3981] [19.0] [cxt 0] Deparsing header 'ethernet'
[18:55:42.173] [bmv2] [D] [thread 3981] [19.0] [cxt 0] Deparser 'deparser': end
[18:55:42.173] [bmv2] [D] [thread 3985] [19.0] [cxt 0] Transmitting packet of size 70 out of port 0
[18:55:44.222] [bmv2] [D] [thread 3980] [20.0] [cxt 0] Processing packet received on port 2
[18:55:44.222] [bmv2] [D] [thread 3980] [20.0] [cxt 0] Parser 'parser': start
[18:55:44.222] [bmv2] [D] [thread 3980] [20.0] [cxt 0] Parser 'parser' entering state 'start'
[18:55:44.222] [bmv2] [D] [thread 3980] [20.0] [cxt 0] Extracting header 'ethernet'
[18:55:44.222] [bmv2] [D] [thread 3980] [20.0] [cxt 0] Parser state 'start': key is 86dd
[18:55:44.222] [bmv2] [T] [thread 3980] [20.0] [cxt 0] Bytes parsed: 14
[18:55:44.222] [bmv2] [D] [thread 3980] [20.0] [cxt 0] Parser 'parser': end
[18:55:44.222] [bmv2] [D] [thread 3980] [20.0] [cxt 0] Pipeline 'ingress': start
[18:55:44.222] [bmv2] [T] [thread 3980] [20.0] [cxt 0] ecn.p4(116) Condition "hdr.ipv4.isValid()" (node_2) is false
[18:55:44.222] [bmv2] [D] [thread 3980] [20.0] [cxt 0] Pipeline 'ingress': end
[18:55:44.222] [bmv2] [D] [thread 3980] [20.0] [cxt 0] Egress port is 0
[18:55:44.222] [bmv2] [D] [thread 3980] [21.0] [cxt 0] Processing packet received on port 1
[18:55:44.222] [bmv2] [D] [thread 3980] [21.0] [cxt 0] Parser 'parser': start
[18:55:44.222] [bmv2] [D] [thread 3980] [21.0] [cxt 0] Parser 'parser' entering state 'start'
[18:55:44.222] [bmv2] [D] [thread 3980] [21.0] [cxt 0] Extracting header 'ethernet'
[18:55:44.222] [bmv2] [D] [thread 3980] [21.0] [cxt 0] Parser state 'start': key is 86dd
[18:55:44.222] [bmv2] [T] [thread 3980] [21.0] [cxt 0] Bytes parsed: 14
[18:55:44.222] [bmv2] [D] [thread 3980] [21.0] [cxt 0] Parser 'parser': end
[18:55:44.222] [bmv2] [D] [thread 3980] [21.0] [cxt 0] Pipeline 'ingress': start
[18:55:44.222] [bmv2] [T] [thread 3980] [21.0] [cxt 0] ecn.p4(116) Condition "hdr.ipv4.isValid()" (node_2) is false
[18:55:44.222] [bmv2] [D] [thread 3980] [21.0] [cxt 0] Pipeline 'ingress': end
[18:55:44.222] [bmv2] [D] [thread 3980] [21.0] [cxt 0] Egress port is 0
[18:55:44.222] [bmv2] [D] [thread 3981] [20.0] [cxt 0] Pipeline 'egress': start
[18:55:44.222] [bmv2] [T] [thread 3981] [20.0] [cxt 0] ecn.p4(133) Condition "hdr.ipv4.ecn == 1 || hdr.ipv4.ecn == 2" (node_6) is false
[18:55:44.222] [bmv2] [D] [thread 3981] [20.0] [cxt 0] Pipeline 'egress': end
[18:55:44.222] [bmv2] [D] [thread 3981] [20.0] [cxt 0] Deparser 'deparser': start
[18:55:44.222] [bmv2] [T] [thread 3981] [20.0] [cxt 0] Skipping checksum 'cksum' update because condition not met
[18:55:44.222] [bmv2] [D] [thread 3981] [20.0] [cxt 0] Deparsing header 'ethernet'
[18:55:44.222] [bmv2] [D] [thread 3981] [20.0] [cxt 0] Deparser 'deparser': end
[18:55:44.222] [bmv2] [D] [thread 3981] [21.0] [cxt 0] Pipeline 'egress': start
[18:55:44.222] [bmv2] [T] [thread 3981] [21.0] [cxt 0] ecn.p4(133) Condition "hdr.ipv4.ecn == 1 || hdr.ipv4.ecn == 2" (node_6) is false
[18:55:44.222] [bmv2] [D] [thread 3981] [21.0] [cxt 0] Pipeline 'egress': end
[18:55:44.222] [bmv2] [D] [thread 3981] [21.0] [cxt 0] Deparser 'deparser': start
[18:55:44.222] [bmv2] [T] [thread 3981] [21.0] [cxt 0] Skipping checksum 'cksum' update because condition not met
[18:55:44.222] [bmv2] [D] [thread 3981] [21.0] [cxt 0] Deparsing header 'ethernet'
[18:55:44.222] [bmv2] [D] [thread 3981] [21.0] [cxt 0] Deparser 'deparser': end
[18:55:44.222] [bmv2] [D] [thread 3985] [20.0] [cxt 0] Transmitting packet of size 70 out of port 0
[18:55:44.222] [bmv2] [D] [thread 3985] [21.0] [cxt 0] Transmitting packet of size 70 out of port 0
[18:55:48.318] [bmv2] [D] [thread 3980] [22.0] [cxt 0] Processing packet received on port 4
[18:55:48.318] [bmv2] [D] [thread 3980] [22.0] [cxt 0] Parser 'parser': start
[18:55:48.318] [bmv2] [D] [thread 3980] [22.0] [cxt 0] Parser 'parser' entering state 'start'
[18:55:48.318] [bmv2] [D] [thread 3980] [22.0] [cxt 0] Extracting header 'ethernet'
[18:55:48.318] [bmv2] [D] [thread 3980] [22.0] [cxt 0] Parser state 'start': key is 86dd
[18:55:48.318] [bmv2] [T] [thread 3980] [22.0] [cxt 0] Bytes parsed: 14
[18:55:48.318] [bmv2] [D] [thread 3980] [22.0] [cxt 0] Parser 'parser': end
[18:55:48.318] [bmv2] [D] [thread 3980] [22.0] [cxt 0] Pipeline 'ingress': start
[18:55:48.318] [bmv2] [T] [thread 3980] [22.0] [cxt 0] ecn.p4(116) Condition "hdr.ipv4.isValid()" (node_2) is false
[18:55:48.318] [bmv2] [D] [thread 3980] [22.0] [cxt 0] Pipeline 'ingress': end
[18:55:48.318] [bmv2] [D] [thread 3980] [22.0] [cxt 0] Egress port is 0
[18:55:48.318] [bmv2] [D] [thread 3981] [22.0] [cxt 0] Pipeline 'egress': start
[18:55:48.318] [bmv2] [T] [thread 3981] [22.0] [cxt 0] ecn.p4(133) Condition "hdr.ipv4.ecn == 1 || hdr.ipv4.ecn == 2" (node_6) is false
[18:55:48.318] [bmv2] [D] [thread 3981] [22.0] [cxt 0] Pipeline 'egress': end
[18:55:48.318] [bmv2] [D] [thread 3981] [22.0] [cxt 0] Deparser 'deparser': start
[18:55:48.318] [bmv2] [T] [thread 3981] [22.0] [cxt 0] Skipping checksum 'cksum' update because condition not met
[18:55:48.318] [bmv2] [D] [thread 3981] [22.0] [cxt 0] Deparsing header 'ethernet'
[18:55:48.318] [bmv2] [D] [thread 3981] [22.0] [cxt 0] Deparser 'deparser': end
[18:55:48.318] [bmv2] [D] [thread 3985] [22.0] [cxt 0] Transmitting packet of size 70 out of port 0
[18:55:50.384] [bmv2] [D] [thread 3980] [23.0] [cxt 0] Processing packet received on port 4
[18:55:50.384] [bmv2] [D] [thread 3980] [23.0] [cxt 0] Parser 'parser': start
[18:55:50.384] [bmv2] [D] [thread 3980] [23.0] [cxt 0] Parser 'parser' entering state 'start'
[18:55:50.384] [bmv2] [D] [thread 3980] [23.0] [cxt 0] Extracting header 'ethernet'
[18:55:50.384] [bmv2] [D] [thread 3980] [23.0] [cxt 0] Parser state 'start': key is 86dd
[18:55:50.384] [bmv2] [T] [thread 3980] [23.0] [cxt 0] Bytes parsed: 14
[18:55:50.384] [bmv2] [D] [thread 3980] [23.0] [cxt 0] Parser 'parser': end
[18:55:50.384] [bmv2] [D] [thread 3980] [23.0] [cxt 0] Pipeline 'ingress': start
[18:55:50.384] [bmv2] [T] [thread 3980] [23.0] [cxt 0] ecn.p4(116) Condition "hdr.ipv4.isValid()" (node_2) is false
[18:55:50.384] [bmv2] [D] [thread 3980] [23.0] [cxt 0] Pipeline 'ingress': end
[18:55:50.384] [bmv2] [D] [thread 3980] [23.0] [cxt 0] Egress port is 0
[18:55:50.384] [bmv2] [D] [thread 3981] [23.0] [cxt 0] Pipeline 'egress': start
[18:55:50.384] [bmv2] [T] [thread 3981] [23.0] [cxt 0] ecn.p4(133) Condition "hdr.ipv4.ecn == 1 || hdr.ipv4.ecn == 2" (node_6) is false
[18:55:50.384] [bmv2] [D] [thread 3981] [23.0] [cxt 0] Pipeline 'egress': end
[18:55:50.385] [bmv2] [D] [thread 3981] [23.0] [cxt 0] Deparser 'deparser': start
[18:55:50.385] [bmv2] [T] [thread 3981] [23.0] [cxt 0] Skipping checksum 'cksum' update because condition not met
[18:55:50.385] [bmv2] [D] [thread 3981] [23.0] [cxt 0] Deparsing header 'ethernet'
[18:55:50.385] [bmv2] [D] [thread 3981] [23.0] [cxt 0] Deparser 'deparser': end
[18:55:50.385] [bmv2] [D] [thread 3985] [23.0] [cxt 0] Transmitting packet of size 70 out of port 0
[18:56:41.571] [bmv2] [D] [thread 3980] [24.0] [cxt 0] Processing packet received on port 3
[18:56:41.571] [bmv2] [D] [thread 3980] [24.0] [cxt 0] Parser 'parser': start
[18:56:41.571] [bmv2] [D] [thread 3980] [24.0] [cxt 0] Parser 'parser' entering state 'start'
[18:56:41.571] [bmv2] [D] [thread 3980] [24.0] [cxt 0] Extracting header 'ethernet'
[18:56:41.571] [bmv2] [D] [thread 3980] [24.0] [cxt 0] Parser state 'start': key is 86dd
[18:56:41.571] [bmv2] [T] [thread 3980] [24.0] [cxt 0] Bytes parsed: 14
[18:56:41.571] [bmv2] [D] [thread 3980] [24.0] [cxt 0] Parser 'parser': end
[18:56:41.571] [bmv2] [D] [thread 3980] [24.0] [cxt 0] Pipeline 'ingress': start
[18:56:41.571] [bmv2] [T] [thread 3980] [24.0] [cxt 0] ecn.p4(116) Condition "hdr.ipv4.isValid()" (node_2) is false
[18:56:41.571] [bmv2] [D] [thread 3980] [24.0] [cxt 0] Pipeline 'ingress': end
[18:56:41.571] [bmv2] [D] [thread 3980] [24.0] [cxt 0] Egress port is 0
[18:56:41.571] [bmv2] [D] [thread 3981] [24.0] [cxt 0] Pipeline 'egress': start
[18:56:41.571] [bmv2] [T] [thread 3981] [24.0] [cxt 0] ecn.p4(133) Condition "hdr.ipv4.ecn == 1 || hdr.ipv4.ecn == 2" (node_6) is false
[18:56:41.571] [bmv2] [D] [thread 3981] [24.0] [cxt 0] Pipeline 'egress': end
[18:56:41.571] [bmv2] [D] [thread 3981] [24.0] [cxt 0] Deparser 'deparser': start
[18:56:41.571] [bmv2] [T] [thread 3981] [24.0] [cxt 0] Skipping checksum 'cksum' update because condition not met
[18:56:41.571] [bmv2] [D] [thread 3981] [24.0] [cxt 0] Deparsing header 'ethernet'
[18:56:41.571] [bmv2] [D] [thread 3981] [24.0] [cxt 0] Deparser 'deparser': end
[18:56:41.571] [bmv2] [D] [thread 3985] [24.0] [cxt 0] Transmitting packet of size 70 out of port 0
[18:56:47.715] [bmv2] [D] [thread 3980] [25.0] [cxt 0] Processing packet received on port 3
[18:56:47.715] [bmv2] [D] [thread 3980] [25.0] [cxt 0] Parser 'parser': start
[18:56:47.715] [bmv2] [D] [thread 3980] [25.0] [cxt 0] Parser 'parser' entering state 'start'
[18:56:47.715] [bmv2] [D] [thread 3980] [25.0] [cxt 0] Extracting header 'ethernet'
[18:56:47.715] [bmv2] [D] [thread 3980] [25.0] [cxt 0] Parser state 'start': key is 86dd
[18:56:47.715] [bmv2] [T] [thread 3980] [25.0] [cxt 0] Bytes parsed: 14
[18:56:47.715] [bmv2] [D] [thread 3980] [25.0] [cxt 0] Parser 'parser': end
[18:56:47.715] [bmv2] [D] [thread 3980] [25.0] [cxt 0] Pipeline 'ingress': start
[18:56:47.715] [bmv2] [T] [thread 3980] [25.0] [cxt 0] ecn.p4(116) Condition "hdr.ipv4.isValid()" (node_2) is false
[18:56:47.715] [bmv2] [D] [thread 3980] [25.0] [cxt 0] Pipeline 'ingress': end
[18:56:47.715] [bmv2] [D] [thread 3980] [25.0] [cxt 0] Egress port is 0
[18:56:47.715] [bmv2] [D] [thread 3981] [25.0] [cxt 0] Pipeline 'egress': start
[18:56:47.715] [bmv2] [T] [thread 3981] [25.0] [cxt 0] ecn.p4(133) Condition "hdr.ipv4.ecn == 1 || hdr.ipv4.ecn == 2" (node_6) is false
[18:56:47.715] [bmv2] [D] [thread 3981] [25.0] [cxt 0] Pipeline 'egress': end
[18:56:47.715] [bmv2] [D] [thread 3981] [25.0] [cxt 0] Deparser 'deparser': start
[18:56:47.715] [bmv2] [T] [thread 3981] [25.0] [cxt 0] Skipping checksum 'cksum' update because condition not met
[18:56:47.715] [bmv2] [D] [thread 3981] [25.0] [cxt 0] Deparsing header 'ethernet'
[18:56:47.715] [bmv2] [D] [thread 3981] [25.0] [cxt 0] Deparser 'deparser': end
[18:56:47.716] [bmv2] [D] [thread 3985] [25.0] [cxt 0] Transmitting packet of size 70 out of port 0
[18:56:51.806] [bmv2] [D] [thread 3980] [26.0] [cxt 0] Processing packet received on port 2
[18:56:51.806] [bmv2] [D] [thread 3980] [26.0] [cxt 0] Parser 'parser': start
[18:56:51.806] [bmv2] [D] [thread 3980] [26.0] [cxt 0] Parser 'parser' entering state 'start'
[18:56:51.806] [bmv2] [D] [thread 3980] [26.0] [cxt 0] Extracting header 'ethernet'
[18:56:51.806] [bmv2] [D] [thread 3980] [26.0] [cxt 0] Parser state 'start': key is 86dd
[18:56:51.806] [bmv2] [T] [thread 3980] [26.0] [cxt 0] Bytes parsed: 14
[18:56:51.806] [bmv2] [D] [thread 3980] [26.0] [cxt 0] Parser 'parser': end
[18:56:51.806] [bmv2] [D] [thread 3980] [26.0] [cxt 0] Pipeline 'ingress': start
[18:56:51.806] [bmv2] [T] [thread 3980] [26.0] [cxt 0] ecn.p4(116) Condition "hdr.ipv4.isValid()" (node_2) is false
[18:56:51.806] [bmv2] [D] [thread 3980] [26.0] [cxt 0] Pipeline 'ingress': end
[18:56:51.806] [bmv2] [D] [thread 3980] [26.0] [cxt 0] Egress port is 0
[18:56:51.806] [bmv2] [D] [thread 3980] [27.0] [cxt 0] Processing packet received on port 1
[18:56:51.806] [bmv2] [D] [thread 3980] [27.0] [cxt 0] Parser 'parser': start
[18:56:51.806] [bmv2] [D] [thread 3980] [27.0] [cxt 0] Parser 'parser' entering state 'start'
[18:56:51.806] [bmv2] [D] [thread 3980] [27.0] [cxt 0] Extracting header 'ethernet'
[18:56:51.806] [bmv2] [D] [thread 3980] [27.0] [cxt 0] Parser state 'start': key is 86dd
[18:56:51.806] [bmv2] [T] [thread 3980] [27.0] [cxt 0] Bytes parsed: 14
[18:56:51.806] [bmv2] [D] [thread 3980] [27.0] [cxt 0] Parser 'parser': end
[18:56:51.806] [bmv2] [D] [thread 3981] [26.0] [cxt 0] Pipeline 'egress': start
[18:56:51.806] [bmv2] [T] [thread 3981] [26.0] [cxt 0] ecn.p4(133) Condition "hdr.ipv4.ecn == 1 || hdr.ipv4.ecn == 2" (node_6) is false
[18:56:51.806] [bmv2] [D] [thread 3981] [26.0] [cxt 0] Pipeline 'egress': end
[18:56:51.806] [bmv2] [D] [thread 3981] [26.0] [cxt 0] Deparser 'deparser': start
[18:56:51.806] [bmv2] [D] [thread 3980] [27.0] [cxt 0] Pipeline 'ingress': start
[18:56:51.806] [bmv2] [T] [thread 3981] [26.0] [cxt 0] Skipping checksum 'cksum' update because condition not met
[18:56:51.806] [bmv2] [T] [thread 3980] [27.0] [cxt 0] ecn.p4(116) Condition "hdr.ipv4.isValid()" (node_2) is false
[18:56:51.806] [bmv2] [D] [thread 3980] [27.0] [cxt 0] Pipeline 'ingress': end
[18:56:51.806] [bmv2] [D] [thread 3981] [26.0] [cxt 0] Deparsing header 'ethernet'
[18:56:51.806] [bmv2] [D] [thread 3981] [26.0] [cxt 0] Deparser 'deparser': end
[18:56:51.806] [bmv2] [D] [thread 3985] [26.0] [cxt 0] Transmitting packet of size 70 out of port 0
[18:56:51.806] [bmv2] [D] [thread 3980] [27.0] [cxt 0] Egress port is 0
[18:56:51.806] [bmv2] [D] [thread 3981] [27.0] [cxt 0] Pipeline 'egress': start
[18:56:51.806] [bmv2] [T] [thread 3981] [27.0] [cxt 0] ecn.p4(133) Condition "hdr.ipv4.ecn == 1 || hdr.ipv4.ecn == 2" (node_6) is false
[18:56:51.806] [bmv2] [D] [thread 3981] [27.0] [cxt 0] Pipeline 'egress': end
[18:56:51.806] [bmv2] [D] [thread 3981] [27.0] [cxt 0] Deparser 'deparser': start
[18:56:51.806] [bmv2] [T] [thread 3981] [27.0] [cxt 0] Skipping checksum 'cksum' update because condition not met
[18:56:51.806] [bmv2] [D] [thread 3981] [27.0] [cxt 0] Deparsing header 'ethernet'
[18:56:51.806] [bmv2] [D] [thread 3981] [27.0] [cxt 0] Deparser 'deparser': end
[18:56:51.806] [bmv2] [D] [thread 3985] [27.0] [cxt 0] Transmitting packet of size 70 out of port 0
[18:56:59.998] [bmv2] [D] [thread 3980] [28.0] [cxt 0] Processing packet received on port 4
[18:56:59.998] [bmv2] [D] [thread 3980] [28.0] [cxt 0] Parser 'parser': start
[18:56:59.998] [bmv2] [D] [thread 3980] [28.0] [cxt 0] Parser 'parser' entering state 'start'
[18:56:59.998] [bmv2] [D] [thread 3980] [28.0] [cxt 0] Extracting header 'ethernet'
[18:56:59.998] [bmv2] [D] [thread 3980] [28.0] [cxt 0] Parser state 'start': key is 86dd
[18:56:59.998] [bmv2] [T] [thread 3980] [28.0] [cxt 0] Bytes parsed: 14
[18:56:59.998] [bmv2] [D] [thread 3980] [28.0] [cxt 0] Parser 'parser': end
[18:56:59.998] [bmv2] [D] [thread 3980] [28.0] [cxt 0] Pipeline 'ingress': start
[18:56:59.998] [bmv2] [T] [thread 3980] [28.0] [cxt 0] ecn.p4(116) Condition "hdr.ipv4.isValid()" (node_2) is false
[18:56:59.998] [bmv2] [D] [thread 3980] [28.0] [cxt 0] Pipeline 'ingress': end
[18:56:59.998] [bmv2] [D] [thread 3980] [28.0] [cxt 0] Egress port is 0
[18:56:59.998] [bmv2] [D] [thread 3981] [28.0] [cxt 0] Pipeline 'egress': start
[18:56:59.998] [bmv2] [T] [thread 3981] [28.0] [cxt 0] ecn.p4(133) Condition "hdr.ipv4.ecn == 1 || hdr.ipv4.ecn == 2" (node_6) is false
[18:56:59.998] [bmv2] [D] [thread 3981] [28.0] [cxt 0] Pipeline 'egress': end
[18:56:59.998] [bmv2] [D] [thread 3981] [28.0] [cxt 0] Deparser 'deparser': start
[18:56:59.998] [bmv2] [T] [thread 3981] [28.0] [cxt 0] Skipping checksum 'cksum' update because condition not met
[18:56:59.998] [bmv2] [D] [thread 3981] [28.0] [cxt 0] Deparsing header 'ethernet'
[18:56:59.998] [bmv2] [D] [thread 3981] [28.0] [cxt 0] Deparser 'deparser': end
[18:56:59.998] [bmv2] [D] [thread 3985] [28.0] [cxt 0] Transmitting packet of size 70 out of port 0
[18:57:06.142] [bmv2] [D] [thread 3980] [29.0] [cxt 0] Processing packet received on port 4
[18:57:06.142] [bmv2] [D] [thread 3980] [29.0] [cxt 0] Parser 'parser': start
[18:57:06.142] [bmv2] [D] [thread 3980] [29.0] [cxt 0] Parser 'parser' entering state 'start'
[18:57:06.142] [bmv2] [D] [thread 3980] [29.0] [cxt 0] Extracting header 'ethernet'
[18:57:06.142] [bmv2] [D] [thread 3980] [29.0] [cxt 0] Parser state 'start': key is 86dd
[18:57:06.142] [bmv2] [T] [thread 3980] [29.0] [cxt 0] Bytes parsed: 14
[18:57:06.142] [bmv2] [D] [thread 3980] [29.0] [cxt 0] Parser 'parser': end
[18:57:06.142] [bmv2] [D] [thread 3980] [29.0] [cxt 0] Pipeline 'ingress': start
[18:57:06.142] [bmv2] [T] [thread 3980] [29.0] [cxt 0] ecn.p4(116) Condition "hdr.ipv4.isValid()" (node_2) is false
[18:57:06.142] [bmv2] [D] [thread 3980] [29.0] [cxt 0] Pipeline 'ingress': end
[18:57:06.142] [bmv2] [D] [thread 3980] [29.0] [cxt 0] Egress port is 0
[18:57:06.142] [bmv2] [D] [thread 3981] [29.0] [cxt 0] Pipeline 'egress': start
[18:57:06.142] [bmv2] [T] [thread 3981] [29.0] [cxt 0] ecn.p4(133) Condition "hdr.ipv4.ecn == 1 || hdr.ipv4.ecn == 2" (node_6) is false
[18:57:06.142] [bmv2] [D] [thread 3981] [29.0] [cxt 0] Pipeline 'egress': end
[18:57:06.142] [bmv2] [D] [thread 3981] [29.0] [cxt 0] Deparser 'deparser': start
[18:57:06.142] [bmv2] [T] [thread 3981] [29.0] [cxt 0] Skipping checksum 'cksum' update because condition not met
[18:57:06.142] [bmv2] [D] [thread 3981] [29.0] [cxt 0] Deparsing header 'ethernet'
[18:57:06.142] [bmv2] [D] [thread 3981] [29.0] [cxt 0] Deparser 'deparser': end
[18:57:06.142] [bmv2] [D] [thread 3985] [29.0] [cxt 0] Transmitting packet of size 70 out of port 0
[18:58:46.686] [bmv2] [D] [thread 3980] [30.0] [cxt 0] Processing packet received on port 2
[18:58:46.686] [bmv2] [D] [thread 3980] [30.0] [cxt 0] Parser 'parser': start
[18:58:46.686] [bmv2] [D] [thread 3980] [30.0] [cxt 0] Parser 'parser' entering state 'start'
[18:58:46.686] [bmv2] [D] [thread 3980] [30.0] [cxt 0] Extracting header 'ethernet'
[18:58:46.686] [bmv2] [D] [thread 3980] [30.0] [cxt 0] Parser state 'start': key is 0800
[18:58:46.686] [bmv2] [T] [thread 3980] [30.0] [cxt 0] Bytes parsed: 14
[18:58:46.686] [bmv2] [D] [thread 3980] [30.0] [cxt 0] Parser 'parser' entering state 'parse_ipv4'
[18:58:46.686] [bmv2] [D] [thread 3980] [30.0] [cxt 0] Extracting header 'ipv4'
[18:58:46.686] [bmv2] [D] [thread 3980] [30.0] [cxt 0] Parser state 'parse_ipv4' has no switch, going to default next state
[18:58:46.686] [bmv2] [T] [thread 3980] [30.0] [cxt 0] Bytes parsed: 34
[18:58:46.686] [bmv2] [D] [thread 3980] [30.0] [cxt 0] Parser 'parser': end
[18:58:46.686] [bmv2] [D] [thread 3980] [30.0] [cxt 0] Pipeline 'ingress': start
[18:58:46.686] [bmv2] [T] [thread 3980] [30.0] [cxt 0] ecn.p4(116) Condition "hdr.ipv4.isValid()" (node_2) is true
[18:58:46.686] [bmv2] [T] [thread 3980] [30.0] [cxt 0] Applying table 'MyIngress.ipv4_lpm'
[18:58:46.686] [bmv2] [D] [thread 3980] [30.0] [cxt 0] Looking up key:
* hdr.ipv4.dstAddr    : 0a00042c

[18:58:46.686] [bmv2] [D] [thread 3980] [30.0] [cxt 0] Table 'MyIngress.ipv4_lpm': hit with handle 1
[18:58:46.686] [bmv2] [D] [thread 3980] [30.0] [cxt 0] Dumping entry 1
Match key:
* hdr.ipv4.dstAddr    : LPM       0a00042c/32
Action entry: MyIngress.ipv4_forward - 80000000444,1,

[18:58:46.686] [bmv2] [D] [thread 3980] [30.0] [cxt 0] Action entry is MyIngress.ipv4_forward - 80000000444,1,
[18:58:46.686] [bmv2] [T] [thread 3980] [30.0] [cxt 0] Action MyIngress.ipv4_forward
[18:58:46.686] [bmv2] [T] [thread 3980] [30.0] [cxt 0] ecn.p4(96) Primitive standard_metadata.egress_spec = port
[18:58:46.686] [bmv2] [T] [thread 3980] [30.0] [cxt 0] ecn.p4(97) Primitive hdr.ethernet.srcAddr = hdr.ethernet.dstAddr
[18:58:46.686] [bmv2] [T] [thread 3980] [30.0] [cxt 0] ecn.p4(98) Primitive hdr.ethernet.dstAddr = dstAddr
[18:58:46.686] [bmv2] [T] [thread 3980] [30.0] [cxt 0] ecn.p4(99) Primitive hdr.ipv4.ttl = hdr.ipv4.ttl - 1
[18:58:46.686] [bmv2] [D] [thread 3980] [30.0] [cxt 0] Pipeline 'ingress': end
[18:58:46.686] [bmv2] [D] [thread 3980] [30.0] [cxt 0] Egress port is 1
[18:58:46.686] [bmv2] [D] [thread 3982] [30.0] [cxt 0] Pipeline 'egress': start
[18:58:46.686] [bmv2] [T] [thread 3982] [30.0] [cxt 0] ecn.p4(133) Condition "hdr.ipv4.ecn == 1 || hdr.ipv4.ecn == 2" (node_6) is false
[18:58:46.686] [bmv2] [D] [thread 3982] [30.0] [cxt 0] Pipeline 'egress': end
[18:58:46.686] [bmv2] [D] [thread 3982] [30.0] [cxt 0] Deparser 'deparser': start
[18:58:46.686] [bmv2] [D] [thread 3982] [30.0] [cxt 0] Updating checksum 'cksum'
[18:58:46.686] [bmv2] [D] [thread 3982] [30.0] [cxt 0] Deparsing header 'ethernet'
[18:58:46.686] [bmv2] [D] [thread 3982] [30.0] [cxt 0] Deparsing header 'ipv4'
[18:58:46.686] [bmv2] [D] [thread 3982] [30.0] [cxt 0] Deparser 'deparser': end
[18:58:46.686] [bmv2] [D] [thread 3985] [30.0] [cxt 0] Transmitting packet of size 98 out of port 1
[18:58:46.686] [bmv2] [D] [thread 3980] [31.0] [cxt 0] Processing packet received on port 1
[18:58:46.686] [bmv2] [D] [thread 3980] [31.0] [cxt 0] Parser 'parser': start
[18:58:46.686] [bmv2] [D] [thread 3980] [31.0] [cxt 0] Parser 'parser' entering state 'start'
[18:58:46.686] [bmv2] [D] [thread 3980] [31.0] [cxt 0] Extracting header 'ethernet'
[18:58:46.686] [bmv2] [D] [thread 3980] [31.0] [cxt 0] Parser state 'start': key is 0800
[18:58:46.686] [bmv2] [T] [thread 3980] [31.0] [cxt 0] Bytes parsed: 14
[18:58:46.686] [bmv2] [D] [thread 3980] [31.0] [cxt 0] Parser 'parser' entering state 'parse_ipv4'
[18:58:46.686] [bmv2] [D] [thread 3980] [31.0] [cxt 0] Extracting header 'ipv4'
[18:58:46.686] [bmv2] [D] [thread 3980] [31.0] [cxt 0] Parser state 'parse_ipv4' has no switch, going to default next state
[18:58:46.686] [bmv2] [T] [thread 3980] [31.0] [cxt 0] Bytes parsed: 34
[18:58:46.686] [bmv2] [D] [thread 3980] [31.0] [cxt 0] Parser 'parser': end
[18:58:46.686] [bmv2] [D] [thread 3980] [31.0] [cxt 0] Pipeline 'ingress': start
[18:58:46.686] [bmv2] [T] [thread 3980] [31.0] [cxt 0] ecn.p4(116) Condition "hdr.ipv4.isValid()" (node_2) is true
[18:58:46.686] [bmv2] [T] [thread 3980] [31.0] [cxt 0] Applying table 'MyIngress.ipv4_lpm'
[18:58:46.686] [bmv2] [D] [thread 3980] [31.0] [cxt 0] Looking up key:
* hdr.ipv4.dstAddr    : 0a000404

[18:58:46.686] [bmv2] [D] [thread 3980] [31.0] [cxt 0] Table 'MyIngress.ipv4_lpm': hit with handle 0
[18:58:46.686] [bmv2] [D] [thread 3980] [31.0] [cxt 0] Dumping entry 0
Match key:
* hdr.ipv4.dstAddr    : LPM       0a000404/32
Action entry: MyIngress.ipv4_forward - 80000000404,2,

[18:58:46.686] [bmv2] [D] [thread 3980] [31.0] [cxt 0] Action entry is MyIngress.ipv4_forward - 80000000404,2,
[18:58:46.686] [bmv2] [T] [thread 3980] [31.0] [cxt 0] Action MyIngress.ipv4_forward
[18:58:46.686] [bmv2] [T] [thread 3980] [31.0] [cxt 0] ecn.p4(96) Primitive standard_metadata.egress_spec = port
[18:58:46.686] [bmv2] [T] [thread 3980] [31.0] [cxt 0] ecn.p4(97) Primitive hdr.ethernet.srcAddr = hdr.ethernet.dstAddr
[18:58:46.686] [bmv2] [T] [thread 3980] [31.0] [cxt 0] ecn.p4(98) Primitive hdr.ethernet.dstAddr = dstAddr
[18:58:46.686] [bmv2] [T] [thread 3980] [31.0] [cxt 0] ecn.p4(99) Primitive hdr.ipv4.ttl = hdr.ipv4.ttl - 1
[18:58:46.686] [bmv2] [D] [thread 3980] [31.0] [cxt 0] Pipeline 'ingress': end
[18:58:46.686] [bmv2] [D] [thread 3980] [31.0] [cxt 0] Egress port is 2
[18:58:46.687] [bmv2] [D] [thread 3983] [31.0] [cxt 0] Pipeline 'egress': start
[18:58:46.687] [bmv2] [T] [thread 3983] [31.0] [cxt 0] ecn.p4(133) Condition "hdr.ipv4.ecn == 1 || hdr.ipv4.ecn == 2" (node_6) is false
[18:58:46.687] [bmv2] [D] [thread 3983] [31.0] [cxt 0] Pipeline 'egress': end
[18:58:46.687] [bmv2] [D] [thread 3983] [31.0] [cxt 0] Deparser 'deparser': start
[18:58:46.687] [bmv2] [D] [thread 3983] [31.0] [cxt 0] Updating checksum 'cksum'
[18:58:46.687] [bmv2] [D] [thread 3983] [31.0] [cxt 0] Deparsing header 'ethernet'
[18:58:46.687] [bmv2] [D] [thread 3983] [31.0] [cxt 0] Deparsing header 'ipv4'
[18:58:46.687] [bmv2] [D] [thread 3983] [31.0] [cxt 0] Deparser 'deparser': end
[18:58:46.687] [bmv2] [D] [thread 3985] [31.0] [cxt 0] Transmitting packet of size 98 out of port 2
[18:58:47.710] [bmv2] [D] [thread 3980] [32.0] [cxt 0] Processing packet received on port 2
[18:58:47.710] [bmv2] [D] [thread 3980] [32.0] [cxt 0] Parser 'parser': start
[18:58:47.710] [bmv2] [D] [thread 3980] [32.0] [cxt 0] Parser 'parser' entering state 'start'
[18:58:47.710] [bmv2] [D] [thread 3980] [32.0] [cxt 0] Extracting header 'ethernet'
[18:58:47.710] [bmv2] [D] [thread 3980] [32.0] [cxt 0] Parser state 'start': key is 0800
[18:58:47.710] [bmv2] [T] [thread 3980] [32.0] [cxt 0] Bytes parsed: 14
[18:58:47.710] [bmv2] [D] [thread 3980] [32.0] [cxt 0] Parser 'parser' entering state 'parse_ipv4'
[18:58:47.710] [bmv2] [D] [thread 3980] [32.0] [cxt 0] Extracting header 'ipv4'
[18:58:47.710] [bmv2] [D] [thread 3980] [32.0] [cxt 0] Parser state 'parse_ipv4' has no switch, going to default next state
[18:58:47.710] [bmv2] [T] [thread 3980] [32.0] [cxt 0] Bytes parsed: 34
[18:58:47.710] [bmv2] [D] [thread 3980] [32.0] [cxt 0] Parser 'parser': end
[18:58:47.710] [bmv2] [D] [thread 3980] [32.0] [cxt 0] Pipeline 'ingress': start
[18:58:47.710] [bmv2] [T] [thread 3980] [32.0] [cxt 0] ecn.p4(116) Condition "hdr.ipv4.isValid()" (node_2) is true
[18:58:47.710] [bmv2] [T] [thread 3980] [32.0] [cxt 0] Applying table 'MyIngress.ipv4_lpm'
[18:58:47.710] [bmv2] [D] [thread 3980] [32.0] [cxt 0] Looking up key:
* hdr.ipv4.dstAddr    : 0a00042c

[18:58:47.710] [bmv2] [D] [thread 3980] [32.0] [cxt 0] Table 'MyIngress.ipv4_lpm': hit with handle 1
[18:58:47.710] [bmv2] [D] [thread 3980] [32.0] [cxt 0] Dumping entry 1
Match key:
* hdr.ipv4.dstAddr    : LPM       0a00042c/32
Action entry: MyIngress.ipv4_forward - 80000000444,1,

[18:58:47.710] [bmv2] [D] [thread 3980] [32.0] [cxt 0] Action entry is MyIngress.ipv4_forward - 80000000444,1,
[18:58:47.710] [bmv2] [T] [thread 3980] [32.0] [cxt 0] Action MyIngress.ipv4_forward
[18:58:47.710] [bmv2] [T] [thread 3980] [32.0] [cxt 0] ecn.p4(96) Primitive standard_metadata.egress_spec = port
[18:58:47.710] [bmv2] [T] [thread 3980] [32.0] [cxt 0] ecn.p4(97) Primitive hdr.ethernet.srcAddr = hdr.ethernet.dstAddr
[18:58:47.710] [bmv2] [T] [thread 3980] [32.0] [cxt 0] ecn.p4(98) Primitive hdr.ethernet.dstAddr = dstAddr
[18:58:47.710] [bmv2] [T] [thread 3980] [32.0] [cxt 0] ecn.p4(99) Primitive hdr.ipv4.ttl = hdr.ipv4.ttl - 1
[18:58:47.710] [bmv2] [D] [thread 3980] [32.0] [cxt 0] Pipeline 'ingress': end
[18:58:47.710] [bmv2] [D] [thread 3980] [32.0] [cxt 0] Egress port is 1
[18:58:47.710] [bmv2] [D] [thread 3982] [32.0] [cxt 0] Pipeline 'egress': start
[18:58:47.710] [bmv2] [T] [thread 3982] [32.0] [cxt 0] ecn.p4(133) Condition "hdr.ipv4.ecn == 1 || hdr.ipv4.ecn == 2" (node_6) is false
[18:58:47.710] [bmv2] [D] [thread 3982] [32.0] [cxt 0] Pipeline 'egress': end
[18:58:47.710] [bmv2] [D] [thread 3982] [32.0] [cxt 0] Deparser 'deparser': start
[18:58:47.710] [bmv2] [D] [thread 3982] [32.0] [cxt 0] Updating checksum 'cksum'
[18:58:47.710] [bmv2] [D] [thread 3982] [32.0] [cxt 0] Deparsing header 'ethernet'
[18:58:47.710] [bmv2] [D] [thread 3982] [32.0] [cxt 0] Deparsing header 'ipv4'
[18:58:47.710] [bmv2] [D] [thread 3982] [32.0] [cxt 0] Deparser 'deparser': end
[18:58:47.710] [bmv2] [D] [thread 3985] [32.0] [cxt 0] Transmitting packet of size 98 out of port 1
[18:58:47.710] [bmv2] [D] [thread 3980] [33.0] [cxt 0] Processing packet received on port 1
[18:58:47.710] [bmv2] [D] [thread 3980] [33.0] [cxt 0] Parser 'parser': start
[18:58:47.710] [bmv2] [D] [thread 3980] [33.0] [cxt 0] Parser 'parser' entering state 'start'
[18:58:47.710] [bmv2] [D] [thread 3980] [33.0] [cxt 0] Extracting header 'ethernet'
[18:58:47.710] [bmv2] [D] [thread 3980] [33.0] [cxt 0] Parser state 'start': key is 0800
[18:58:47.710] [bmv2] [T] [thread 3980] [33.0] [cxt 0] Bytes parsed: 14
[18:58:47.710] [bmv2] [D] [thread 3980] [33.0] [cxt 0] Parser 'parser' entering state 'parse_ipv4'
[18:58:47.710] [bmv2] [D] [thread 3980] [33.0] [cxt 0] Extracting header 'ipv4'
[18:58:47.710] [bmv2] [D] [thread 3980] [33.0] [cxt 0] Parser state 'parse_ipv4' has no switch, going to default next state
[18:58:47.710] [bmv2] [T] [thread 3980] [33.0] [cxt 0] Bytes parsed: 34
[18:58:47.710] [bmv2] [D] [thread 3980] [33.0] [cxt 0] Parser 'parser': end
[18:58:47.710] [bmv2] [D] [thread 3980] [33.0] [cxt 0] Pipeline 'ingress': start
[18:58:47.710] [bmv2] [T] [thread 3980] [33.0] [cxt 0] ecn.p4(116) Condition "hdr.ipv4.isValid()" (node_2) is true
[18:58:47.710] [bmv2] [T] [thread 3980] [33.0] [cxt 0] Applying table 'MyIngress.ipv4_lpm'
[18:58:47.710] [bmv2] [D] [thread 3980] [33.0] [cxt 0] Looking up key:
* hdr.ipv4.dstAddr    : 0a000404

[18:58:47.710] [bmv2] [D] [thread 3980] [33.0] [cxt 0] Table 'MyIngress.ipv4_lpm': hit with handle 0
[18:58:47.710] [bmv2] [D] [thread 3980] [33.0] [cxt 0] Dumping entry 0
Match key:
* hdr.ipv4.dstAddr    : LPM       0a000404/32
Action entry: MyIngress.ipv4_forward - 80000000404,2,

[18:58:47.710] [bmv2] [D] [thread 3980] [33.0] [cxt 0] Action entry is MyIngress.ipv4_forward - 80000000404,2,
[18:58:47.710] [bmv2] [T] [thread 3980] [33.0] [cxt 0] Action MyIngress.ipv4_forward
[18:58:47.710] [bmv2] [T] [thread 3980] [33.0] [cxt 0] ecn.p4(96) Primitive standard_metadata.egress_spec = port
[18:58:47.710] [bmv2] [T] [thread 3980] [33.0] [cxt 0] ecn.p4(97) Primitive hdr.ethernet.srcAddr = hdr.ethernet.dstAddr
[18:58:47.710] [bmv2] [T] [thread 3980] [33.0] [cxt 0] ecn.p4(98) Primitive hdr.ethernet.dstAddr = dstAddr
[18:58:47.710] [bmv2] [T] [thread 3980] [33.0] [cxt 0] ecn.p4(99) Primitive hdr.ipv4.ttl = hdr.ipv4.ttl - 1
[18:58:47.710] [bmv2] [D] [thread 3980] [33.0] [cxt 0] Pipeline 'ingress': end
[18:58:47.710] [bmv2] [D] [thread 3980] [33.0] [cxt 0] Egress port is 2
[18:58:47.710] [bmv2] [D] [thread 3983] [33.0] [cxt 0] Pipeline 'egress': start
[18:58:47.710] [bmv2] [T] [thread 3983] [33.0] [cxt 0] ecn.p4(133) Condition "hdr.ipv4.ecn == 1 || hdr.ipv4.ecn == 2" (node_6) is false
[18:58:47.710] [bmv2] [D] [thread 3983] [33.0] [cxt 0] Pipeline 'egress': end
[18:58:47.710] [bmv2] [D] [thread 3983] [33.0] [cxt 0] Deparser 'deparser': start
[18:58:47.710] [bmv2] [D] [thread 3983] [33.0] [cxt 0] Updating checksum 'cksum'
[18:58:47.710] [bmv2] [D] [thread 3983] [33.0] [cxt 0] Deparsing header 'ethernet'
[18:58:47.710] [bmv2] [D] [thread 3983] [33.0] [cxt 0] Deparsing header 'ipv4'
[18:58:47.710] [bmv2] [D] [thread 3983] [33.0] [cxt 0] Deparser 'deparser': end
[18:58:47.710] [bmv2] [D] [thread 3985] [33.0] [cxt 0] Transmitting packet of size 98 out of port 2
[18:58:48.733] [bmv2] [D] [thread 3980] [34.0] [cxt 0] Processing packet received on port 2
[18:58:48.734] [bmv2] [D] [thread 3980] [34.0] [cxt 0] Parser 'parser': start
[18:58:48.734] [bmv2] [D] [thread 3980] [34.0] [cxt 0] Parser 'parser' entering state 'start'
[18:58:48.734] [bmv2] [D] [thread 3980] [34.0] [cxt 0] Extracting header 'ethernet'
[18:58:48.734] [bmv2] [D] [thread 3980] [34.0] [cxt 0] Parser state 'start': key is 0800
[18:58:48.734] [bmv2] [T] [thread 3980] [34.0] [cxt 0] Bytes parsed: 14
[18:58:48.734] [bmv2] [D] [thread 3980] [34.0] [cxt 0] Parser 'parser' entering state 'parse_ipv4'
[18:58:48.734] [bmv2] [D] [thread 3980] [34.0] [cxt 0] Extracting header 'ipv4'
[18:58:48.734] [bmv2] [D] [thread 3980] [34.0] [cxt 0] Parser state 'parse_ipv4' has no switch, going to default next state
[18:58:48.734] [bmv2] [T] [thread 3980] [34.0] [cxt 0] Bytes parsed: 34
[18:58:48.734] [bmv2] [D] [thread 3980] [34.0] [cxt 0] Parser 'parser': end
[18:58:48.734] [bmv2] [D] [thread 3980] [34.0] [cxt 0] Pipeline 'ingress': start
[18:58:48.734] [bmv2] [T] [thread 3980] [34.0] [cxt 0] ecn.p4(116) Condition "hdr.ipv4.isValid()" (node_2) is true
[18:58:48.734] [bmv2] [T] [thread 3980] [34.0] [cxt 0] Applying table 'MyIngress.ipv4_lpm'
[18:58:48.734] [bmv2] [D] [thread 3980] [34.0] [cxt 0] Looking up key:
* hdr.ipv4.dstAddr    : 0a00042c

[18:58:48.734] [bmv2] [D] [thread 3980] [34.0] [cxt 0] Table 'MyIngress.ipv4_lpm': hit with handle 1
[18:58:48.734] [bmv2] [D] [thread 3980] [34.0] [cxt 0] Dumping entry 1
Match key:
* hdr.ipv4.dstAddr    : LPM       0a00042c/32
Action entry: MyIngress.ipv4_forward - 80000000444,1,

[18:58:48.734] [bmv2] [D] [thread 3980] [34.0] [cxt 0] Action entry is MyIngress.ipv4_forward - 80000000444,1,
[18:58:48.734] [bmv2] [T] [thread 3980] [34.0] [cxt 0] Action MyIngress.ipv4_forward
[18:58:48.734] [bmv2] [T] [thread 3980] [34.0] [cxt 0] ecn.p4(96) Primitive standard_metadata.egress_spec = port
[18:58:48.734] [bmv2] [T] [thread 3980] [34.0] [cxt 0] ecn.p4(97) Primitive hdr.ethernet.srcAddr = hdr.ethernet.dstAddr
[18:58:48.734] [bmv2] [T] [thread 3980] [34.0] [cxt 0] ecn.p4(98) Primitive hdr.ethernet.dstAddr = dstAddr
[18:58:48.734] [bmv2] [T] [thread 3980] [34.0] [cxt 0] ecn.p4(99) Primitive hdr.ipv4.ttl = hdr.ipv4.ttl - 1
[18:58:48.734] [bmv2] [D] [thread 3980] [34.0] [cxt 0] Pipeline 'ingress': end
[18:58:48.734] [bmv2] [D] [thread 3980] [34.0] [cxt 0] Egress port is 1
[18:58:48.734] [bmv2] [D] [thread 3982] [34.0] [cxt 0] Pipeline 'egress': start
[18:58:48.734] [bmv2] [T] [thread 3982] [34.0] [cxt 0] ecn.p4(133) Condition "hdr.ipv4.ecn == 1 || hdr.ipv4.ecn == 2" (node_6) is false
[18:58:48.734] [bmv2] [D] [thread 3982] [34.0] [cxt 0] Pipeline 'egress': end
[18:58:48.734] [bmv2] [D] [thread 3982] [34.0] [cxt 0] Deparser 'deparser': start
[18:58:48.734] [bmv2] [D] [thread 3982] [34.0] [cxt 0] Updating checksum 'cksum'
[18:58:48.734] [bmv2] [D] [thread 3982] [34.0] [cxt 0] Deparsing header 'ethernet'
[18:58:48.734] [bmv2] [D] [thread 3982] [34.0] [cxt 0] Deparsing header 'ipv4'
[18:58:48.734] [bmv2] [D] [thread 3982] [34.0] [cxt 0] Deparser 'deparser': end
[18:58:48.734] [bmv2] [D] [thread 3985] [34.0] [cxt 0] Transmitting packet of size 98 out of port 1
[18:58:48.734] [bmv2] [D] [thread 3980] [35.0] [cxt 0] Processing packet received on port 1
[18:58:48.734] [bmv2] [D] [thread 3980] [35.0] [cxt 0] Parser 'parser': start
[18:58:48.734] [bmv2] [D] [thread 3980] [35.0] [cxt 0] Parser 'parser' entering state 'start'
[18:58:48.734] [bmv2] [D] [thread 3980] [35.0] [cxt 0] Extracting header 'ethernet'
[18:58:48.734] [bmv2] [D] [thread 3980] [35.0] [cxt 0] Parser state 'start': key is 0800
[18:58:48.734] [bmv2] [T] [thread 3980] [35.0] [cxt 0] Bytes parsed: 14
[18:58:48.734] [bmv2] [D] [thread 3980] [35.0] [cxt 0] Parser 'parser' entering state 'parse_ipv4'
[18:58:48.734] [bmv2] [D] [thread 3980] [35.0] [cxt 0] Extracting header 'ipv4'
[18:58:48.734] [bmv2] [D] [thread 3980] [35.0] [cxt 0] Parser state 'parse_ipv4' has no switch, going to default next state
[18:58:48.734] [bmv2] [T] [thread 3980] [35.0] [cxt 0] Bytes parsed: 34
[18:58:48.734] [bmv2] [D] [thread 3980] [35.0] [cxt 0] Parser 'parser': end
[18:58:48.734] [bmv2] [D] [thread 3980] [35.0] [cxt 0] Pipeline 'ingress': start
[18:58:48.734] [bmv2] [T] [thread 3980] [35.0] [cxt 0] ecn.p4(116) Condition "hdr.ipv4.isValid()" (node_2) is true
[18:58:48.734] [bmv2] [T] [thread 3980] [35.0] [cxt 0] Applying table 'MyIngress.ipv4_lpm'
[18:58:48.734] [bmv2] [D] [thread 3980] [35.0] [cxt 0] Looking up key:
* hdr.ipv4.dstAddr    : 0a000404

[18:58:48.734] [bmv2] [D] [thread 3980] [35.0] [cxt 0] Table 'MyIngress.ipv4_lpm': hit with handle 0
[18:58:48.734] [bmv2] [D] [thread 3980] [35.0] [cxt 0] Dumping entry 0
Match key:
* hdr.ipv4.dstAddr    : LPM       0a000404/32
Action entry: MyIngress.ipv4_forward - 80000000404,2,

[18:58:48.734] [bmv2] [D] [thread 3980] [35.0] [cxt 0] Action entry is MyIngress.ipv4_forward - 80000000404,2,
[18:58:48.734] [bmv2] [T] [thread 3980] [35.0] [cxt 0] Action MyIngress.ipv4_forward
[18:58:48.734] [bmv2] [T] [thread 3980] [35.0] [cxt 0] ecn.p4(96) Primitive standard_metadata.egress_spec = port
[18:58:48.734] [bmv2] [T] [thread 3980] [35.0] [cxt 0] ecn.p4(97) Primitive hdr.ethernet.srcAddr = hdr.ethernet.dstAddr
[18:58:48.734] [bmv2] [T] [thread 3980] [35.0] [cxt 0] ecn.p4(98) Primitive hdr.ethernet.dstAddr = dstAddr
[18:58:48.734] [bmv2] [T] [thread 3980] [35.0] [cxt 0] ecn.p4(99) Primitive hdr.ipv4.ttl = hdr.ipv4.ttl - 1
[18:58:48.734] [bmv2] [D] [thread 3980] [35.0] [cxt 0] Pipeline 'ingress': end
[18:58:48.734] [bmv2] [D] [thread 3980] [35.0] [cxt 0] Egress port is 2
[18:58:48.734] [bmv2] [D] [thread 3983] [35.0] [cxt 0] Pipeline 'egress': start
[18:58:48.734] [bmv2] [T] [thread 3983] [35.0] [cxt 0] ecn.p4(133) Condition "hdr.ipv4.ecn == 1 || hdr.ipv4.ecn == 2" (node_6) is false
[18:58:48.734] [bmv2] [D] [thread 3983] [35.0] [cxt 0] Pipeline 'egress': end
[18:58:48.734] [bmv2] [D] [thread 3983] [35.0] [cxt 0] Deparser 'deparser': start
[18:58:48.734] [bmv2] [D] [thread 3983] [35.0] [cxt 0] Updating checksum 'cksum'
[18:58:48.734] [bmv2] [D] [thread 3983] [35.0] [cxt 0] Deparsing header 'ethernet'
[18:58:48.734] [bmv2] [D] [thread 3983] [35.0] [cxt 0] Deparsing header 'ipv4'
[18:58:48.734] [bmv2] [D] [thread 3983] [35.0] [cxt 0] Deparser 'deparser': end
[18:58:48.734] [bmv2] [D] [thread 3985] [35.0] [cxt 0] Transmitting packet of size 98 out of port 2
[18:58:49.758] [bmv2] [D] [thread 3980] [36.0] [cxt 0] Processing packet received on port 2
[18:58:49.758] [bmv2] [D] [thread 3980] [36.0] [cxt 0] Parser 'parser': start
[18:58:49.758] [bmv2] [D] [thread 3980] [36.0] [cxt 0] Parser 'parser' entering state 'start'
[18:58:49.758] [bmv2] [D] [thread 3980] [36.0] [cxt 0] Extracting header 'ethernet'
[18:58:49.758] [bmv2] [D] [thread 3980] [36.0] [cxt 0] Parser state 'start': key is 0800
[18:58:49.758] [bmv2] [T] [thread 3980] [36.0] [cxt 0] Bytes parsed: 14
[18:58:49.758] [bmv2] [D] [thread 3980] [36.0] [cxt 0] Parser 'parser' entering state 'parse_ipv4'
[18:58:49.758] [bmv2] [D] [thread 3980] [36.0] [cxt 0] Extracting header 'ipv4'
[18:58:49.758] [bmv2] [D] [thread 3980] [36.0] [cxt 0] Parser state 'parse_ipv4' has no switch, going to default next state
[18:58:49.758] [bmv2] [T] [thread 3980] [36.0] [cxt 0] Bytes parsed: 34
[18:58:49.758] [bmv2] [D] [thread 3980] [36.0] [cxt 0] Parser 'parser': end
[18:58:49.758] [bmv2] [D] [thread 3980] [36.0] [cxt 0] Pipeline 'ingress': start
[18:58:49.758] [bmv2] [T] [thread 3980] [36.0] [cxt 0] ecn.p4(116) Condition "hdr.ipv4.isValid()" (node_2) is true
[18:58:49.758] [bmv2] [T] [thread 3980] [36.0] [cxt 0] Applying table 'MyIngress.ipv4_lpm'
[18:58:49.758] [bmv2] [D] [thread 3980] [36.0] [cxt 0] Looking up key:
* hdr.ipv4.dstAddr    : 0a00042c

[18:58:49.758] [bmv2] [D] [thread 3980] [36.0] [cxt 0] Table 'MyIngress.ipv4_lpm': hit with handle 1
[18:58:49.758] [bmv2] [D] [thread 3980] [36.0] [cxt 0] Dumping entry 1
Match key:
* hdr.ipv4.dstAddr    : LPM       0a00042c/32
Action entry: MyIngress.ipv4_forward - 80000000444,1,

[18:58:49.758] [bmv2] [D] [thread 3980] [36.0] [cxt 0] Action entry is MyIngress.ipv4_forward - 80000000444,1,
[18:58:49.758] [bmv2] [T] [thread 3980] [36.0] [cxt 0] Action MyIngress.ipv4_forward
[18:58:49.758] [bmv2] [T] [thread 3980] [36.0] [cxt 0] ecn.p4(96) Primitive standard_metadata.egress_spec = port
[18:58:49.758] [bmv2] [T] [thread 3980] [36.0] [cxt 0] ecn.p4(97) Primitive hdr.ethernet.srcAddr = hdr.ethernet.dstAddr
[18:58:49.758] [bmv2] [T] [thread 3980] [36.0] [cxt 0] ecn.p4(98) Primitive hdr.ethernet.dstAddr = dstAddr
[18:58:49.758] [bmv2] [T] [thread 3980] [36.0] [cxt 0] ecn.p4(99) Primitive hdr.ipv4.ttl = hdr.ipv4.ttl - 1
[18:58:49.758] [bmv2] [D] [thread 3980] [36.0] [cxt 0] Pipeline 'ingress': end
[18:58:49.758] [bmv2] [D] [thread 3980] [36.0] [cxt 0] Egress port is 1
[18:58:49.758] [bmv2] [D] [thread 3982] [36.0] [cxt 0] Pipeline 'egress': start
[18:58:49.758] [bmv2] [T] [thread 3982] [36.0] [cxt 0] ecn.p4(133) Condition "hdr.ipv4.ecn == 1 || hdr.ipv4.ecn == 2" (node_6) is false
[18:58:49.758] [bmv2] [D] [thread 3982] [36.0] [cxt 0] Pipeline 'egress': end
[18:58:49.758] [bmv2] [D] [thread 3982] [36.0] [cxt 0] Deparser 'deparser': start
[18:58:49.758] [bmv2] [D] [thread 3982] [36.0] [cxt 0] Updating checksum 'cksum'
[18:58:49.758] [bmv2] [D] [thread 3982] [36.0] [cxt 0] Deparsing header 'ethernet'
[18:58:49.758] [bmv2] [D] [thread 3982] [36.0] [cxt 0] Deparsing header 'ipv4'
[18:58:49.758] [bmv2] [D] [thread 3982] [36.0] [cxt 0] Deparser 'deparser': end
[18:58:49.758] [bmv2] [D] [thread 3985] [36.0] [cxt 0] Transmitting packet of size 98 out of port 1
[18:58:49.758] [bmv2] [D] [thread 3980] [37.0] [cxt 0] Processing packet received on port 1
[18:58:49.758] [bmv2] [D] [thread 3980] [37.0] [cxt 0] Parser 'parser': start
[18:58:49.758] [bmv2] [D] [thread 3980] [37.0] [cxt 0] Parser 'parser' entering state 'start'
[18:58:49.758] [bmv2] [D] [thread 3980] [37.0] [cxt 0] Extracting header 'ethernet'
[18:58:49.758] [bmv2] [D] [thread 3980] [37.0] [cxt 0] Parser state 'start': key is 0800
[18:58:49.758] [bmv2] [T] [thread 3980] [37.0] [cxt 0] Bytes parsed: 14
[18:58:49.758] [bmv2] [D] [thread 3980] [37.0] [cxt 0] Parser 'parser' entering state 'parse_ipv4'
[18:58:49.758] [bmv2] [D] [thread 3980] [37.0] [cxt 0] Extracting header 'ipv4'
[18:58:49.758] [bmv2] [D] [thread 3980] [37.0] [cxt 0] Parser state 'parse_ipv4' has no switch, going to default next state
[18:58:49.758] [bmv2] [T] [thread 3980] [37.0] [cxt 0] Bytes parsed: 34
[18:58:49.758] [bmv2] [D] [thread 3980] [37.0] [cxt 0] Parser 'parser': end
[18:58:49.758] [bmv2] [D] [thread 3980] [37.0] [cxt 0] Pipeline 'ingress': start
[18:58:49.758] [bmv2] [T] [thread 3980] [37.0] [cxt 0] ecn.p4(116) Condition "hdr.ipv4.isValid()" (node_2) is true
[18:58:49.758] [bmv2] [T] [thread 3980] [37.0] [cxt 0] Applying table 'MyIngress.ipv4_lpm'
[18:58:49.758] [bmv2] [D] [thread 3980] [37.0] [cxt 0] Looking up key:
* hdr.ipv4.dstAddr    : 0a000404

[18:58:49.758] [bmv2] [D] [thread 3980] [37.0] [cxt 0] Table 'MyIngress.ipv4_lpm': hit with handle 0
[18:58:49.758] [bmv2] [D] [thread 3980] [37.0] [cxt 0] Dumping entry 0
Match key:
* hdr.ipv4.dstAddr    : LPM       0a000404/32
Action entry: MyIngress.ipv4_forward - 80000000404,2,

[18:58:49.758] [bmv2] [D] [thread 3980] [37.0] [cxt 0] Action entry is MyIngress.ipv4_forward - 80000000404,2,
[18:58:49.758] [bmv2] [T] [thread 3980] [37.0] [cxt 0] Action MyIngress.ipv4_forward
[18:58:49.758] [bmv2] [T] [thread 3980] [37.0] [cxt 0] ecn.p4(96) Primitive standard_metadata.egress_spec = port
[18:58:49.758] [bmv2] [T] [thread 3980] [37.0] [cxt 0] ecn.p4(97) Primitive hdr.ethernet.srcAddr = hdr.ethernet.dstAddr
[18:58:49.758] [bmv2] [T] [thread 3980] [37.0] [cxt 0] ecn.p4(98) Primitive hdr.ethernet.dstAddr = dstAddr
[18:58:49.758] [bmv2] [T] [thread 3980] [37.0] [cxt 0] ecn.p4(99) Primitive hdr.ipv4.ttl = hdr.ipv4.ttl - 1
[18:58:49.758] [bmv2] [D] [thread 3980] [37.0] [cxt 0] Pipeline 'ingress': end
[18:58:49.758] [bmv2] [D] [thread 3980] [37.0] [cxt 0] Egress port is 2
[18:58:49.758] [bmv2] [D] [thread 3983] [37.0] [cxt 0] Pipeline 'egress': start
[18:58:49.758] [bmv2] [T] [thread 3983] [37.0] [cxt 0] ecn.p4(133) Condition "hdr.ipv4.ecn == 1 || hdr.ipv4.ecn == 2" (node_6) is false
[18:58:49.758] [bmv2] [D] [thread 3983] [37.0] [cxt 0] Pipeline 'egress': end
[18:58:49.758] [bmv2] [D] [thread 3983] [37.0] [cxt 0] Deparser 'deparser': start
[18:58:49.758] [bmv2] [D] [thread 3983] [37.0] [cxt 0] Updating checksum 'cksum'
[18:58:49.758] [bmv2] [D] [thread 3983] [37.0] [cxt 0] Deparsing header 'ethernet'
[18:58:49.758] [bmv2] [D] [thread 3983] [37.0] [cxt 0] Deparsing header 'ipv4'
[18:58:49.758] [bmv2] [D] [thread 3983] [37.0] [cxt 0] Deparser 'deparser': end
[18:58:49.758] [bmv2] [D] [thread 3985] [37.0] [cxt 0] Transmitting packet of size 98 out of port 2
[18:58:56.738] [bmv2] [D] [thread 3980] [38.0] [cxt 0] Processing packet received on port 3
[18:58:56.738] [bmv2] [D] [thread 3980] [38.0] [cxt 0] Parser 'parser': start
[18:58:56.738] [bmv2] [D] [thread 3980] [38.0] [cxt 0] Parser 'parser' entering state 'start'
[18:58:56.738] [bmv2] [D] [thread 3980] [38.0] [cxt 0] Extracting header 'ethernet'
[18:58:56.738] [bmv2] [D] [thread 3980] [38.0] [cxt 0] Parser state 'start': key is 86dd
[18:58:56.738] [bmv2] [T] [thread 3980] [38.0] [cxt 0] Bytes parsed: 14
[18:58:56.738] [bmv2] [D] [thread 3980] [38.0] [cxt 0] Parser 'parser': end
[18:58:56.738] [bmv2] [D] [thread 3980] [38.0] [cxt 0] Pipeline 'ingress': start
[18:58:56.738] [bmv2] [T] [thread 3980] [38.0] [cxt 0] ecn.p4(116) Condition "hdr.ipv4.isValid()" (node_2) is false
[18:58:56.738] [bmv2] [D] [thread 3980] [38.0] [cxt 0] Pipeline 'ingress': end
[18:58:56.738] [bmv2] [D] [thread 3980] [38.0] [cxt 0] Egress port is 0
[18:58:56.738] [bmv2] [D] [thread 3981] [38.0] [cxt 0] Pipeline 'egress': start
[18:58:56.738] [bmv2] [T] [thread 3981] [38.0] [cxt 0] ecn.p4(133) Condition "hdr.ipv4.ecn == 1 || hdr.ipv4.ecn == 2" (node_6) is false
[18:58:56.738] [bmv2] [D] [thread 3981] [38.0] [cxt 0] Pipeline 'egress': end
[18:58:56.738] [bmv2] [D] [thread 3981] [38.0] [cxt 0] Deparser 'deparser': start
[18:58:56.738] [bmv2] [T] [thread 3981] [38.0] [cxt 0] Skipping checksum 'cksum' update because condition not met
[18:58:56.738] [bmv2] [D] [thread 3981] [38.0] [cxt 0] Deparsing header 'ethernet'
[18:58:56.738] [bmv2] [D] [thread 3981] [38.0] [cxt 0] Deparser 'deparser': end
[18:58:56.738] [bmv2] [D] [thread 3985] [38.0] [cxt 0] Transmitting packet of size 70 out of port 0
[18:59:13.118] [bmv2] [D] [thread 3980] [39.0] [cxt 0] Processing packet received on port 1
[18:59:13.118] [bmv2] [D] [thread 3980] [39.0] [cxt 0] Parser 'parser': start
[18:59:13.118] [bmv2] [D] [thread 3980] [39.0] [cxt 0] Parser 'parser' entering state 'start'
[18:59:13.118] [bmv2] [D] [thread 3980] [39.0] [cxt 0] Extracting header 'ethernet'
[18:59:13.118] [bmv2] [D] [thread 3980] [39.0] [cxt 0] Parser state 'start': key is 86dd
[18:59:13.118] [bmv2] [T] [thread 3980] [39.0] [cxt 0] Bytes parsed: 14
[18:59:13.118] [bmv2] [D] [thread 3980] [39.0] [cxt 0] Parser 'parser': end
[18:59:13.118] [bmv2] [D] [thread 3980] [39.0] [cxt 0] Pipeline 'ingress': start
[18:59:13.118] [bmv2] [T] [thread 3980] [39.0] [cxt 0] ecn.p4(116) Condition "hdr.ipv4.isValid()" (node_2) is false
[18:59:13.118] [bmv2] [D] [thread 3980] [39.0] [cxt 0] Pipeline 'ingress': end
[18:59:13.118] [bmv2] [D] [thread 3980] [39.0] [cxt 0] Egress port is 0
[18:59:13.118] [bmv2] [D] [thread 3980] [40.0] [cxt 0] Processing packet received on port 2
[18:59:13.118] [bmv2] [D] [thread 3980] [40.0] [cxt 0] Parser 'parser': start
[18:59:13.118] [bmv2] [D] [thread 3980] [40.0] [cxt 0] Parser 'parser' entering state 'start'
[18:59:13.118] [bmv2] [D] [thread 3980] [40.0] [cxt 0] Extracting header 'ethernet'
[18:59:13.118] [bmv2] [D] [thread 3980] [40.0] [cxt 0] Parser state 'start': key is 86dd
[18:59:13.118] [bmv2] [T] [thread 3980] [40.0] [cxt 0] Bytes parsed: 14
[18:59:13.118] [bmv2] [D] [thread 3980] [40.0] [cxt 0] Parser 'parser': end
[18:59:13.118] [bmv2] [D] [thread 3980] [40.0] [cxt 0] Pipeline 'ingress': start
[18:59:13.118] [bmv2] [T] [thread 3980] [40.0] [cxt 0] ecn.p4(116) Condition "hdr.ipv4.isValid()" (node_2) is false
[18:59:13.118] [bmv2] [D] [thread 3980] [40.0] [cxt 0] Pipeline 'ingress': end
[18:59:13.118] [bmv2] [D] [thread 3980] [40.0] [cxt 0] Egress port is 0
[18:59:13.118] [bmv2] [D] [thread 3981] [39.0] [cxt 0] Pipeline 'egress': start
[18:59:13.118] [bmv2] [T] [thread 3981] [39.0] [cxt 0] ecn.p4(133) Condition "hdr.ipv4.ecn == 1 || hdr.ipv4.ecn == 2" (node_6) is false
[18:59:13.118] [bmv2] [D] [thread 3981] [39.0] [cxt 0] Pipeline 'egress': end
[18:59:13.118] [bmv2] [D] [thread 3980] [41.0] [cxt 0] Processing packet received on port 3
[18:59:13.118] [bmv2] [D] [thread 3980] [41.0] [cxt 0] Parser 'parser': start
[18:59:13.118] [bmv2] [D] [thread 3981] [39.0] [cxt 0] Deparser 'deparser': start
[18:59:13.118] [bmv2] [T] [thread 3981] [39.0] [cxt 0] Skipping checksum 'cksum' update because condition not met
[18:59:13.118] [bmv2] [D] [thread 3981] [39.0] [cxt 0] Deparsing header 'ethernet'
[18:59:13.118] [bmv2] [D] [thread 3981] [39.0] [cxt 0] Deparser 'deparser': end
[18:59:13.118] [bmv2] [D] [thread 3980] [41.0] [cxt 0] Parser 'parser' entering state 'start'
[18:59:13.118] [bmv2] [D] [thread 3981] [40.0] [cxt 0] Pipeline 'egress': start
[18:59:13.118] [bmv2] [D] [thread 3980] [41.0] [cxt 0] Extracting header 'ethernet'
[18:59:13.118] [bmv2] [D] [thread 3985] [39.0] [cxt 0] Transmitting packet of size 70 out of port 0
[18:59:13.118] [bmv2] [D] [thread 3980] [41.0] [cxt 0] Parser state 'start': key is 86dd
[18:59:13.118] [bmv2] [T] [thread 3980] [41.0] [cxt 0] Bytes parsed: 14
[18:59:13.118] [bmv2] [T] [thread 3981] [40.0] [cxt 0] ecn.p4(133) Condition "hdr.ipv4.ecn == 1 || hdr.ipv4.ecn == 2" (node_6) is false
[18:59:13.118] [bmv2] [D] [thread 3981] [40.0] [cxt 0] Pipeline 'egress': end
[18:59:13.118] [bmv2] [D] [thread 3980] [41.0] [cxt 0] Parser 'parser': end
[18:59:13.118] [bmv2] [D] [thread 3980] [41.0] [cxt 0] Pipeline 'ingress': start
[18:59:13.118] [bmv2] [T] [thread 3980] [41.0] [cxt 0] ecn.p4(116) Condition "hdr.ipv4.isValid()" (node_2) is false
[18:59:13.118] [bmv2] [D] [thread 3980] [41.0] [cxt 0] Pipeline 'ingress': end
[18:59:13.118] [bmv2] [D] [thread 3980] [41.0] [cxt 0] Egress port is 0
[18:59:13.118] [bmv2] [D] [thread 3981] [40.0] [cxt 0] Deparser 'deparser': start
[18:59:13.118] [bmv2] [T] [thread 3981] [40.0] [cxt 0] Skipping checksum 'cksum' update because condition not met
[18:59:13.118] [bmv2] [D] [thread 3981] [40.0] [cxt 0] Deparsing header 'ethernet'
[18:59:13.118] [bmv2] [D] [thread 3981] [40.0] [cxt 0] Deparser 'deparser': end
[18:59:13.118] [bmv2] [D] [thread 3981] [41.0] [cxt 0] Pipeline 'egress': start
[18:59:13.118] [bmv2] [T] [thread 3981] [41.0] [cxt 0] ecn.p4(133) Condition "hdr.ipv4.ecn == 1 || hdr.ipv4.ecn == 2" (node_6) is false
[18:59:13.118] [bmv2] [D] [thread 3981] [41.0] [cxt 0] Pipeline 'egress': end
[18:59:13.118] [bmv2] [D] [thread 3981] [41.0] [cxt 0] Deparser 'deparser': start
[18:59:13.118] [bmv2] [T] [thread 3981] [41.0] [cxt 0] Skipping checksum 'cksum' update because condition not met
[18:59:13.118] [bmv2] [D] [thread 3981] [41.0] [cxt 0] Deparsing header 'ethernet'
[18:59:13.118] [bmv2] [D] [thread 3985] [40.0] [cxt 0] Transmitting packet of size 70 out of port 0
[18:59:13.118] [bmv2] [D] [thread 3981] [41.0] [cxt 0] Deparser 'deparser': end
[18:59:13.118] [bmv2] [D] [thread 3985] [41.0] [cxt 0] Transmitting packet of size 70 out of port 0
[18:59:29.502] [bmv2] [D] [thread 3980] [42.0] [cxt 0] Processing packet received on port 4
[18:59:29.502] [bmv2] [D] [thread 3980] [42.0] [cxt 0] Parser 'parser': start
[18:59:29.502] [bmv2] [D] [thread 3980] [42.0] [cxt 0] Parser 'parser' entering state 'start'
[18:59:29.502] [bmv2] [D] [thread 3980] [42.0] [cxt 0] Extracting header 'ethernet'
[18:59:29.502] [bmv2] [D] [thread 3980] [42.0] [cxt 0] Parser state 'start': key is 86dd
[18:59:29.502] [bmv2] [T] [thread 3980] [42.0] [cxt 0] Bytes parsed: 14
[18:59:29.502] [bmv2] [D] [thread 3980] [42.0] [cxt 0] Parser 'parser': end
[18:59:29.502] [bmv2] [D] [thread 3980] [42.0] [cxt 0] Pipeline 'ingress': start
[18:59:29.502] [bmv2] [T] [thread 3980] [42.0] [cxt 0] ecn.p4(116) Condition "hdr.ipv4.isValid()" (node_2) is false
[18:59:29.502] [bmv2] [D] [thread 3980] [42.0] [cxt 0] Pipeline 'ingress': end
[18:59:29.502] [bmv2] [D] [thread 3980] [42.0] [cxt 0] Egress port is 0
[18:59:29.502] [bmv2] [D] [thread 3981] [42.0] [cxt 0] Pipeline 'egress': start
[18:59:29.502] [bmv2] [T] [thread 3981] [42.0] [cxt 0] ecn.p4(133) Condition "hdr.ipv4.ecn == 1 || hdr.ipv4.ecn == 2" (node_6) is false
[18:59:29.502] [bmv2] [D] [thread 3981] [42.0] [cxt 0] Pipeline 'egress': end
[18:59:29.502] [bmv2] [D] [thread 3981] [42.0] [cxt 0] Deparser 'deparser': start
[18:59:29.502] [bmv2] [T] [thread 3981] [42.0] [cxt 0] Skipping checksum 'cksum' update because condition not met
[18:59:29.502] [bmv2] [D] [thread 3981] [42.0] [cxt 0] Deparsing header 'ethernet'
[18:59:29.502] [bmv2] [D] [thread 3981] [42.0] [cxt 0] Deparser 'deparser': end
[18:59:29.502] [bmv2] [D] [thread 3985] [42.0] [cxt 0] Transmitting packet of size 70 out of port 0
[18:59:45.886] [bmv2] [D] [thread 3980] [43.0] [cxt 0] Processing packet received on port 4
[18:59:45.886] [bmv2] [D] [thread 3980] [43.0] [cxt 0] Parser 'parser': start
[18:59:45.886] [bmv2] [D] [thread 3980] [43.0] [cxt 0] Parser 'parser' entering state 'start'
[18:59:45.886] [bmv2] [D] [thread 3980] [43.0] [cxt 0] Extracting header 'ethernet'
[18:59:45.886] [bmv2] [D] [thread 3980] [43.0] [cxt 0] Parser state 'start': key is 86dd
[18:59:45.886] [bmv2] [T] [thread 3980] [43.0] [cxt 0] Bytes parsed: 14
[18:59:45.886] [bmv2] [D] [thread 3980] [43.0] [cxt 0] Parser 'parser': end
[18:59:45.886] [bmv2] [D] [thread 3980] [43.0] [cxt 0] Pipeline 'ingress': start
[18:59:45.886] [bmv2] [T] [thread 3980] [43.0] [cxt 0] ecn.p4(116) Condition "hdr.ipv4.isValid()" (node_2) is false
[18:59:45.886] [bmv2] [D] [thread 3980] [43.0] [cxt 0] Pipeline 'ingress': end
[18:59:45.886] [bmv2] [D] [thread 3980] [43.0] [cxt 0] Egress port is 0
[18:59:45.886] [bmv2] [D] [thread 3981] [43.0] [cxt 0] Pipeline 'egress': start
[18:59:45.886] [bmv2] [T] [thread 3981] [43.0] [cxt 0] ecn.p4(133) Condition "hdr.ipv4.ecn == 1 || hdr.ipv4.ecn == 2" (node_6) is false
[18:59:45.886] [bmv2] [D] [thread 3981] [43.0] [cxt 0] Pipeline 'egress': end
[18:59:45.886] [bmv2] [D] [thread 3981] [43.0] [cxt 0] Deparser 'deparser': start
[18:59:45.886] [bmv2] [T] [thread 3981] [43.0] [cxt 0] Skipping checksum 'cksum' update because condition not met
[18:59:45.886] [bmv2] [D] [thread 3981] [43.0] [cxt 0] Deparsing header 'ethernet'
[18:59:45.886] [bmv2] [D] [thread 3981] [43.0] [cxt 0] Deparser 'deparser': end
[18:59:45.886] [bmv2] [D] [thread 3985] [43.0] [cxt 0] Transmitting packet of size 70 out of port 0
open: No such file or directory
open: No such file or directory
open: No such file or directory
open: No such file or directory
open: No such file or directory
open: No such file or directory
open: No such file or directory
open: No such file or directory
open: No such file or directory
open: No such file or directory
